2022-07-04 21:22:18:576 [Appium] Welcome to Appium v1.22.3
2022-07-04 21:22:18:577 [Appium] Non-default server args:
2022-07-04 21:22:18:577 [Appium]   address: localhost
2022-07-04 21:22:18:577 [Appium]   basePath: /
2022-07-04 21:22:18:577 [Appium]   logFile: ./appium.log
2022-07-04 21:22:18:578 [Appium]   relaxedSecurityEnabled: true
2022-07-04 21:22:18:598 [Appium] Appium REST http interface listener started on localhost:4723
2022-07-04 21:22:19:675 [HTTP] --> POST /session
2022-07-04 21:22:19:676 [HTTP] {"capabilities":{"alwaysMatch":{"platformName":"Android","appium:app":"/Users/maximilianoalves/Documents/projetos/pessoal/ts-appium-webdriverio-structure/apps/android/app-android-calculator.apk","appium:appPackage":"com.example.leonardomenezes.simplecalculatorandroid","appium:appWaitActivity":".MainActivity","appium:newCommandTimeout":240},"firstMatch":[{}]},"desiredCapabilities":{"platformName":"Android","appium:app":"/Users/maximilianoalves/Documents/projetos/pessoal/ts-appium-webdriverio-structure/apps/android/app-android-calculator.apk","appium:appPackage":"com.example.leonardomenezes.simplecalculatorandroid","appium:appWaitActivity":".MainActivity","appium:newCommandTimeout":240}}
2022-07-04 21:22:19:677 [W3C] Calling AppiumDriver.createSession() with args: [{"platformName":"Android","appium:app":"/Users/maximilianoalves/Documents/projetos/pessoal/ts-appium-webdriverio-structure/apps/android/app-android-calculator.apk","appium:appPackage":"com.example.leonardomenezes.simplecalculatorandroid","appium:appWaitActivity":".MainActivity","appium:newCommandTimeout":240},null,{"alwaysMatch":{"platformName":"Android","appium:app":"/Users/maximilianoalves/Documents/projetos/pessoal/ts-appium-webdriverio-structure/apps/android/app-android-calculator.apk","appium:appPackage":"com.example.leonardomenezes.simplecalculatorandroid","appium:appWaitActivity":".MainActivity","appium:newCommandTimeout":240},"firstMatch":[{}]}]
2022-07-04 21:22:19:680 [BaseDriver] Event 'newSessionRequested' logged at 1656969739677 (18:22:19 GMT-0300 (Horário Padrão de Brasília))
2022-07-04 21:22:19:685 [Appium] 
2022-07-04 21:22:19:686 [Appium] ======================================================================
2022-07-04 21:22:19:686 [Appium]   DEPRECATION WARNING:
2022-07-04 21:22:19:686 [Appium] 
2022-07-04 21:22:19:686 [Appium]   The 'automationName' capability was not provided in the desired 
2022-07-04 21:22:19:686 [Appium]   capabilities for this Android session
2022-07-04 21:22:19:686 [Appium] 
2022-07-04 21:22:19:687 [Appium]   Setting 'automationName=UiAutomator2' by default and using the 
2022-07-04 21:22:19:687 [Appium]   UiAutomator2 Driver
2022-07-04 21:22:19:687 [Appium] 
2022-07-04 21:22:19:687 [Appium]   The next major version of Appium (2.x) will **require** the 
2022-07-04 21:22:19:687 [Appium]   'automationName' capability to be set for all sessions on all 
2022-07-04 21:22:19:687 [Appium]   platforms
2022-07-04 21:22:19:687 [Appium] 
2022-07-04 21:22:19:687 [Appium]   In previous versions (Appium <= 1.13.x), the default was 
2022-07-04 21:22:19:687 [Appium]   'automationName=UiAutomator1'
2022-07-04 21:22:19:687 [Appium] 
2022-07-04 21:22:19:688 [Appium]   If you wish to use that automation instead of UiAutomator2, please 
2022-07-04 21:22:19:688 [Appium]   add 'automationName=UiAutomator1' to your desired capabilities
2022-07-04 21:22:19:688 [Appium] 
2022-07-04 21:22:19:688 [Appium]   For more information about drivers, please visit 
2022-07-04 21:22:19:688 [Appium]   http://appium.io/docs/en/about-appium/intro/ and explore the 
2022-07-04 21:22:19:688 [Appium]   'Drivers' menu
2022-07-04 21:22:19:688 [Appium] 
2022-07-04 21:22:19:688 [Appium] ======================================================================
2022-07-04 21:22:19:688 [Appium] 
2022-07-04 21:22:19:896 [Appium] Appium v1.22.3 creating new AndroidUiautomator2Driver (v1.70.1) session
2022-07-04 21:22:19:897 [Appium] Applying relaxed security to 'AndroidUiautomator2Driver' as per server command line argument. All insecure features will be enabled unless explicitly disabled by --deny-insecure
2022-07-04 21:22:19:898 [BaseDriver] W3C capabilities and MJSONWP desired capabilities were provided
2022-07-04 21:22:19:898 [BaseDriver] Creating session with W3C capabilities: {
2022-07-04 21:22:19:898 [BaseDriver]   "alwaysMatch": {
2022-07-04 21:22:19:898 [BaseDriver]     "platformName": "Android",
2022-07-04 21:22:19:898 [BaseDriver]     "appium:app": "/Users/maximilianoalves/Documents/projetos/pessoal/ts-appium-webdriverio-structure/apps/android/app-android-calculator.apk",
2022-07-04 21:22:19:898 [BaseDriver]     "appium:appPackage": "com.example.leonardomenezes.simplecalculatorandroid",
2022-07-04 21:22:19:898 [BaseDriver]     "appium:appWaitActivity": ".MainActivity",
2022-07-04 21:22:19:898 [BaseDriver]     "appium:newCommandTimeout": 240
2022-07-04 21:22:19:898 [BaseDriver]   },
2022-07-04 21:22:19:899 [BaseDriver]   "firstMatch": [
2022-07-04 21:22:19:899 [BaseDriver]     {}
2022-07-04 21:22:19:899 [BaseDriver]   ]
2022-07-04 21:22:19:899 [BaseDriver] }
2022-07-04 21:22:19:903 [BaseDriver] Session created with session id: 15d81ade-5300-4af7-98c0-fa9015c1882a
2022-07-04 21:22:19:905 [BaseDriver] Using local app '/Users/maximilianoalves/Documents/projetos/pessoal/ts-appium-webdriverio-structure/apps/android/app-android-calculator.apk'
2022-07-04 21:22:19:905 [UiAutomator2] Checking whether app is actually present
2022-07-04 21:22:19:922 [ADB] Found 4 'build-tools' folders under '/Users/maximilianoalves/Library/Android/sdk/' (newest first):
2022-07-04 21:22:19:922 [ADB]     /Users/maximilianoalves/Library/Android/sdk/build-tools/32.1.0-rc1
2022-07-04 21:22:19:922 [ADB]     /Users/maximilianoalves/Library/Android/sdk/build-tools/32.0.0
2022-07-04 21:22:19:922 [ADB]     /Users/maximilianoalves/Library/Android/sdk/build-tools/30.0.3
2022-07-04 21:22:19:922 [ADB]     /Users/maximilianoalves/Library/Android/sdk/build-tools/30.0.2
2022-07-04 21:22:19:923 [ADB] Using 'adb' from '/Users/maximilianoalves/Library/Android/sdk/platform-tools/adb'
2022-07-04 21:22:19:923 [ADB] Running '/Users/maximilianoalves/Library/Android/sdk/platform-tools/adb -P 5037 start-server'
2022-07-04 21:22:19:962 [AndroidDriver] Retrieving device list
2022-07-04 21:22:19:963 [ADB] Trying to find a connected android device
2022-07-04 21:22:19:963 [ADB] Getting connected devices
2022-07-04 21:22:19:980 [ADB] Connected devices: [{"udid":"emulator-5554","state":"device"}]
2022-07-04 21:22:19:981 [AndroidDriver] Using device: emulator-5554
2022-07-04 21:22:19:982 [ADB] Using 'adb' from '/Users/maximilianoalves/Library/Android/sdk/platform-tools/adb'
2022-07-04 21:22:19:982 [ADB] Running '/Users/maximilianoalves/Library/Android/sdk/platform-tools/adb -P 5037 start-server'
2022-07-04 21:22:19:998 [ADB] Setting device id to emulator-5554
2022-07-04 21:22:19:999 [ADB] Running '/Users/maximilianoalves/Library/Android/sdk/platform-tools/adb -P 5037 -s emulator-5554 shell getprop ro.build.version.sdk'
2022-07-04 21:22:20:281 [ADB] Current device property 'ro.build.version.sdk': 31
2022-07-04 21:22:20:281 [ADB] Getting device platform version
2022-07-04 21:22:20:282 [ADB] Running '/Users/maximilianoalves/Library/Android/sdk/platform-tools/adb -P 5037 -s emulator-5554 shell getprop ro.build.version.release'
2022-07-04 21:22:20:385 [ADB] Current device property 'ro.build.version.release': 12
2022-07-04 21:22:20:386 [ADB] Device API level: 31
2022-07-04 21:22:20:386 [UiAutomator2] Relaxing hidden api policy
2022-07-04 21:22:20:387 [ADB] Running '/Users/maximilianoalves/Library/Android/sdk/platform-tools/adb -P 5037 -s emulator-5554 shell 'settings put global hidden_api_policy_pre_p_apps 1;settings put global hidden_api_policy_p_apps 1;settings put global hidden_api_policy 1''
2022-07-04 21:22:20:739 [AndroidDriver] Parsing package and activity from app manifest
2022-07-04 21:22:20:752 [ADB] Package name: 'com.example.leonardomenezes.simplecalculatorandroid'
2022-07-04 21:22:20:752 [ADB] Main activity name: 'com.example.leonardomenezes.simplecalculatorandroid.MainActivity'
2022-07-04 21:22:20:752 [AndroidDriver] Parsed package and activity are: com.example.leonardomenezes.simplecalculatorandroid/com.example.leonardomenezes.simplecalculatorandroid.MainActivity
2022-07-04 21:22:20:753 [ADB] Running '/Users/maximilianoalves/Library/Android/sdk/platform-tools/adb -P 5037 -s emulator-5554 wait-for-device'
2022-07-04 21:22:20:769 [ADB] Running '/Users/maximilianoalves/Library/Android/sdk/platform-tools/adb -P 5037 -s emulator-5554 shell echo ping'
2022-07-04 21:22:20:834 [AndroidDriver] Pushing settings apk to device...
2022-07-04 21:22:20:835 [ADB] Getting install status for io.appium.settings
2022-07-04 21:22:20:835 [ADB] Running '/Users/maximilianoalves/Library/Android/sdk/platform-tools/adb -P 5037 -s emulator-5554 shell dumpsys package io.appium.settings'
2022-07-04 21:22:21:631 [ADB] 'io.appium.settings' is installed
2022-07-04 21:22:21:632 [ADB] Getting package info for 'io.appium.settings'
2022-07-04 21:22:21:632 [ADB] Running '/Users/maximilianoalves/Library/Android/sdk/platform-tools/adb -P 5037 -s emulator-5554 shell dumpsys package io.appium.settings'
2022-07-04 21:22:21:791 [ADB] The version name of the installed 'io.appium.settings' is greater or equal to the application version name ('3.4.0' >= '3.4.0')
2022-07-04 21:22:21:791 [ADB] There is no need to install/upgrade '/Users/maximilianoalves/node_modules/appium/node_modules/io.appium.settings/apks/settings_apk-debug.apk'
2022-07-04 21:22:21:792 [ADB] Getting IDs of all 'io.appium.settings' processes
2022-07-04 21:22:21:792 [ADB] Running '/Users/maximilianoalves/Library/Android/sdk/platform-tools/adb -P 5037 -s emulator-5554 shell 'pgrep --help; echo $?''
2022-07-04 21:22:21:929 [ADB] Running '/Users/maximilianoalves/Library/Android/sdk/platform-tools/adb -P 5037 -s emulator-5554 shell pgrep -f \(\[\[:blank:\]\]\|\^\)io\.appium\.settings\(\[\[:blank:\]\]\|\$\)'
2022-07-04 21:22:22:233 [AndroidDriver] io.appium.settings is already running. There is no need to reset its permissions.
2022-07-04 21:22:22:234 [Logcat] Starting logs capture with command: /Users/maximilianoalves/Library/Android/sdk/platform-tools/adb -P 5037 -s emulator-5554 logcat -v threadtime
2022-07-04 21:22:22:355 [UiAutomator2] Forwarding UiAutomator2 Server port 6790 to local port 8200
2022-07-04 21:22:22:356 [ADB] Forwarding system: 8200 to device: 6790
2022-07-04 21:22:22:356 [ADB] Running '/Users/maximilianoalves/Library/Android/sdk/platform-tools/adb -P 5037 -s emulator-5554 forward tcp:8200 tcp:6790'
2022-07-04 21:22:22:379 [ADB] Getting install status for io.appium.uiautomator2.server
2022-07-04 21:22:22:380 [ADB] Running '/Users/maximilianoalves/Library/Android/sdk/platform-tools/adb -P 5037 -s emulator-5554 shell dumpsys package io.appium.uiautomator2.server'
2022-07-04 21:22:22:776 [ADB] 'io.appium.uiautomator2.server' is installed
2022-07-04 21:22:22:777 [ADB] Getting package info for 'io.appium.uiautomator2.server'
2022-07-04 21:22:22:777 [ADB] Running '/Users/maximilianoalves/Library/Android/sdk/platform-tools/adb -P 5037 -s emulator-5554 shell dumpsys package io.appium.uiautomator2.server'
2022-07-04 21:22:23:340 [ADB] The version name of the installed 'io.appium.uiautomator2.server' is greater or equal to the application version name ('4.27.0' >= '4.27.0')
2022-07-04 21:22:23:341 [UiAutomator2] io.appium.uiautomator2.server installation state: sameVersionInstalled
2022-07-04 21:22:23:341 [ADB] Checking app cert for /Users/maximilianoalves/node_modules/appium/node_modules/appium-uiautomator2-server/apks/appium-uiautomator2-server-v4.27.0.apk
2022-07-04 21:22:23:369 [ADB] Using 'apksigner.jar' from '/Users/maximilianoalves/Library/Android/sdk/build-tools/32.1.0-rc1/lib/apksigner.jar'
2022-07-04 21:22:23:370 [ADB] Starting apksigner: /Users/maximilianoalves/.sdkman/candidates/java/current/bin/java -Xmx1024M -Xss1m -jar /Users/maximilianoalves/Library/Android/sdk/build-tools/32.1.0-rc1/lib/apksigner.jar verify --print-certs /Users/maximilianoalves/node_modules/appium/node_modules/appium-uiautomator2-server/apks/appium-uiautomator2-server-v4.27.0.apk
2022-07-04 21:22:24:491 [ADB] apksigner stdout: Signer #1 certificate DN: EMAILADDRESS=android@android.com, CN=Android, OU=Android, O=Android, L=Mountain View, ST=California, C=US
2022-07-04 21:22:24:491 [ADB] Signer #1 certificate SHA-256 digest: a40da80a59d170caa950cf15c18c454d47a39b26989d8b640ecd745ba71bf5dc
2022-07-04 21:22:24:491 [ADB] Signer #1 certificate SHA-1 digest: 61ed377e85d386a8dfee6b864bd85b0bfaa5af81
2022-07-04 21:22:24:491 [ADB] Signer #1 certificate MD5 digest: e89b158e4bcf988ebd09eb83f5378e87
2022-07-04 21:22:24:492 [ADB] 
2022-07-04 21:22:24:492 [ADB] sha256 hash did match for 'appium-uiautomator2-server-v4.27.0.apk'
2022-07-04 21:22:24:492 [ADB] '/Users/maximilianoalves/node_modules/appium/node_modules/appium-uiautomator2-server/apks/appium-uiautomator2-server-v4.27.0.apk' is signed with the default certificate
2022-07-04 21:22:24:492 [ADB] Getting install status for io.appium.uiautomator2.server.test
2022-07-04 21:22:24:492 [ADB] Running '/Users/maximilianoalves/Library/Android/sdk/platform-tools/adb -P 5037 -s emulator-5554 shell dumpsys package io.appium.uiautomator2.server.test'
2022-07-04 21:22:24:727 [ADB] 'io.appium.uiautomator2.server.test' is installed
2022-07-04 21:22:24:727 [ADB] Checking app cert for /Users/maximilianoalves/node_modules/appium/node_modules/appium-uiautomator2-server/apks/appium-uiautomator2-server-debug-androidTest.apk
2022-07-04 21:22:24:733 [ADB] Starting apksigner: /Users/maximilianoalves/.sdkman/candidates/java/current/bin/java -Xmx1024M -Xss1m -jar /Users/maximilianoalves/Library/Android/sdk/build-tools/32.1.0-rc1/lib/apksigner.jar verify --print-certs /Users/maximilianoalves/node_modules/appium/node_modules/appium-uiautomator2-server/apks/appium-uiautomator2-server-debug-androidTest.apk
2022-07-04 21:22:25:089 [ADB] apksigner stdout: Signer #1 certificate DN: EMAILADDRESS=android@android.com, CN=Android, OU=Android, O=Android, L=Mountain View, ST=California, C=US
2022-07-04 21:22:25:089 [ADB] Signer #1 certificate SHA-256 digest: a40da80a59d170caa950cf15c18c454d47a39b26989d8b640ecd745ba71bf5dc
2022-07-04 21:22:25:089 [ADB] Signer #1 certificate SHA-1 digest: 61ed377e85d386a8dfee6b864bd85b0bfaa5af81
2022-07-04 21:22:25:089 [ADB] Signer #1 certificate MD5 digest: e89b158e4bcf988ebd09eb83f5378e87
2022-07-04 21:22:25:089 [ADB] 
2022-07-04 21:22:25:089 [ADB] sha256 hash did match for 'appium-uiautomator2-server-debug-androidTest.apk'
2022-07-04 21:22:25:089 [ADB] '/Users/maximilianoalves/node_modules/appium/node_modules/appium-uiautomator2-server/apks/appium-uiautomator2-server-debug-androidTest.apk' is signed with the default certificate
2022-07-04 21:22:25:090 [UiAutomator2] Server packages are not going to be (re)installed
2022-07-04 21:22:25:092 [UiAutomator2] Waiting up to 30000ms for services to be available
2022-07-04 21:22:25:092 [ADB] Running '/Users/maximilianoalves/Library/Android/sdk/platform-tools/adb -P 5037 -s emulator-5554 shell pm list instrumentation'
2022-07-04 21:22:25:388 [UiAutomator2] Instrumentation target 'io.appium.uiautomator2.server.test/androidx.test.runner.AndroidJUnitRunner' is available
2022-07-04 21:22:25:390 [ADB] Adding packages ["io.appium.settings","io.appium.uiautomator2.server","io.appium.uiautomator2.server.test"] to Doze whitelist
2022-07-04 21:22:25:390 [ADB] Got the following command chunks to execute: [["dumpsys","deviceidle","whitelist","+io.appium.settings",";","dumpsys","deviceidle","whitelist","+io.appium.uiautomator2.server",";","dumpsys","deviceidle","whitelist","+io.appium.uiautomator2.server.test",";"]]
2022-07-04 21:22:25:391 [ADB] Running '/Users/maximilianoalves/Library/Android/sdk/platform-tools/adb -P 5037 -s emulator-5554 shell dumpsys deviceidle whitelist +io.appium.settings ; dumpsys deviceidle whitelist +io.appium.uiautomator2.server ; dumpsys deviceidle whitelist +io.appium.uiautomator2.server.test ;'
2022-07-04 21:22:25:931 [ADB] Checking app cert for /Users/maximilianoalves/Documents/projetos/pessoal/ts-appium-webdriverio-structure/apps/android/app-android-calculator.apk
2022-07-04 21:22:25:940 [ADB] Starting apksigner: /Users/maximilianoalves/.sdkman/candidates/java/current/bin/java -Xmx1024M -Xss1m -jar /Users/maximilianoalves/Library/Android/sdk/build-tools/32.1.0-rc1/lib/apksigner.jar verify --print-certs /Users/maximilianoalves/Documents/projetos/pessoal/ts-appium-webdriverio-structure/apps/android/app-android-calculator.apk
2022-07-04 21:22:26:332 [ADB] apksigner stdout: Signer #1 certificate DN: EMAILADDRESS=android@android.com, CN=Android, OU=Android, O=Android, L=Mountain View, ST=California, C=US
2022-07-04 21:22:26:332 [ADB] Signer #1 certificate SHA-256 digest: a40da80a59d170caa950cf15c18c454d47a39b26989d8b640ecd745ba71bf5dc
2022-07-04 21:22:26:333 [ADB] Signer #1 certificate SHA-1 digest: 61ed377e85d386a8dfee6b864bd85b0bfaa5af81
2022-07-04 21:22:26:333 [ADB] Signer #1 certificate MD5 digest: e89b158e4bcf988ebd09eb83f5378e87
2022-07-04 21:22:26:333 [ADB] 
2022-07-04 21:22:26:333 [ADB] sha256 hash did match for 'app-android-calculator.apk'
2022-07-04 21:22:26:333 [ADB] '/Users/maximilianoalves/Documents/projetos/pessoal/ts-appium-webdriverio-structure/apps/android/app-android-calculator.apk' is signed with the default certificate
2022-07-04 21:22:26:333 [ADB] Getting install status for com.example.leonardomenezes.simplecalculatorandroid
2022-07-04 21:22:26:333 [ADB] Running '/Users/maximilianoalves/Library/Android/sdk/platform-tools/adb -P 5037 -s emulator-5554 shell dumpsys package com.example.leonardomenezes.simplecalculatorandroid'
2022-07-04 21:22:26:537 [ADB] 'com.example.leonardomenezes.simplecalculatorandroid' is installed
2022-07-04 21:22:26:537 [ADB] Getting package info for 'com.example.leonardomenezes.simplecalculatorandroid'
2022-07-04 21:22:26:538 [ADB] Running '/Users/maximilianoalves/Library/Android/sdk/platform-tools/adb -P 5037 -s emulator-5554 shell dumpsys package com.example.leonardomenezes.simplecalculatorandroid'
2022-07-04 21:22:26:735 [ADB] The version name of the installed 'com.example.leonardomenezes.simplecalculatorandroid' is greater or equal to the application version name ('1.0.0' >= '1.0.0')
2022-07-04 21:22:26:735 [ADB] There is no need to install/upgrade '/Users/maximilianoalves/Documents/projetos/pessoal/ts-appium-webdriverio-structure/apps/android/app-android-calculator.apk'
2022-07-04 21:22:26:735 [AndroidDriver] Performing fast reset on 'com.example.leonardomenezes.simplecalculatorandroid'
2022-07-04 21:22:26:736 [ADB] Getting install status for com.example.leonardomenezes.simplecalculatorandroid
2022-07-04 21:22:26:736 [ADB] Running '/Users/maximilianoalves/Library/Android/sdk/platform-tools/adb -P 5037 -s emulator-5554 shell dumpsys package com.example.leonardomenezes.simplecalculatorandroid'
2022-07-04 21:22:26:886 [ADB] 'com.example.leonardomenezes.simplecalculatorandroid' is installed
2022-07-04 21:22:26:887 [ADB] Running '/Users/maximilianoalves/Library/Android/sdk/platform-tools/adb -P 5037 -s emulator-5554 shell am force-stop com.example.leonardomenezes.simplecalculatorandroid'
2022-07-04 21:22:27:038 [ADB] Running '/Users/maximilianoalves/Library/Android/sdk/platform-tools/adb -P 5037 -s emulator-5554 shell pm clear com.example.leonardomenezes.simplecalculatorandroid'
2022-07-04 21:22:27:385 [AndroidDriver] Performed fast reset on the installed 'com.example.leonardomenezes.simplecalculatorandroid' application (stop and clear)
2022-07-04 21:22:27:385 [UiAutomator2] Performing shallow cleanup of automation leftovers
2022-07-04 21:22:27:435 [UiAutomator2] No obsolete sessions have been detected (socket hang up)
2022-07-04 21:22:27:435 [ADB] Running '/Users/maximilianoalves/Library/Android/sdk/platform-tools/adb -P 5037 -s emulator-5554 shell am force-stop io.appium.uiautomator2.server.test'
2022-07-04 21:22:27:786 [UiAutomator2] Starting UIAutomator2 server 4.27.0
2022-07-04 21:22:27:786 [UiAutomator2] Using UIAutomator2 server from '/Users/maximilianoalves/node_modules/appium/node_modules/appium-uiautomator2-server/apks/appium-uiautomator2-server-v4.27.0.apk' and test from '/Users/maximilianoalves/node_modules/appium/node_modules/appium-uiautomator2-server/apks/appium-uiautomator2-server-debug-androidTest.apk'
2022-07-04 21:22:27:786 [UiAutomator2] Waiting up to 30000ms for UiAutomator2 to be online...
2022-07-04 21:22:27:787 [ADB] Creating ADB subprocess with args: ["-P",5037,"-s","emulator-5554","shell","am","instrument","-w","-e","disableAnalytics",true,"io.appium.uiautomator2.server.test/androidx.test.runner.AndroidJUnitRunner"]
2022-07-04 21:22:27:795 [WD Proxy] Matched '/status' to command name 'getStatus'
2022-07-04 21:22:27:796 [WD Proxy] Proxying [GET /status] to [GET http://127.0.0.1:8200/wd/hub/status] with no body
2022-07-04 21:22:27:838 [WD Proxy] socket hang up
2022-07-04 21:22:28:841 [WD Proxy] Matched '/status' to command name 'getStatus'
2022-07-04 21:22:28:842 [WD Proxy] Proxying [GET /status] to [GET http://127.0.0.1:8200/wd/hub/status] with no body
2022-07-04 21:22:28:881 [WD Proxy] socket hang up
2022-07-04 21:22:29:881 [WD Proxy] Matched '/status' to command name 'getStatus'
2022-07-04 21:22:29:882 [WD Proxy] Proxying [GET /status] to [GET http://127.0.0.1:8200/wd/hub/status] with no body
2022-07-04 21:22:29:928 [WD Proxy] socket hang up
2022-07-04 21:22:30:929 [WD Proxy] Matched '/status' to command name 'getStatus'
2022-07-04 21:22:30:930 [WD Proxy] Proxying [GET /status] to [GET http://127.0.0.1:8200/wd/hub/status] with no body
2022-07-04 21:22:31:081 [WD Proxy] socket hang up
2022-07-04 21:22:32:081 [WD Proxy] Matched '/status' to command name 'getStatus'
2022-07-04 21:22:32:082 [WD Proxy] Proxying [GET /status] to [GET http://127.0.0.1:8200/wd/hub/status] with no body
2022-07-04 21:22:32:124 [WD Proxy] socket hang up
2022-07-04 21:22:33:125 [WD Proxy] Matched '/status' to command name 'getStatus'
2022-07-04 21:22:33:126 [WD Proxy] Proxying [GET /status] to [GET http://127.0.0.1:8200/wd/hub/status] with no body
2022-07-04 21:22:33:132 [WD Proxy] socket hang up
2022-07-04 21:22:34:134 [WD Proxy] Matched '/status' to command name 'getStatus'
2022-07-04 21:22:34:134 [WD Proxy] Proxying [GET /status] to [GET http://127.0.0.1:8200/wd/hub/status] with no body
2022-07-04 21:22:34:181 [WD Proxy] socket hang up
2022-07-04 21:22:34:724 [Instrumentation] io.appium.uiautomator2.server.test.AppiumUiAutomator2Server:
2022-07-04 21:22:35:182 [WD Proxy] Matched '/status' to command name 'getStatus'
2022-07-04 21:22:35:183 [WD Proxy] Proxying [GET /status] to [GET http://127.0.0.1:8200/wd/hub/status] with no body
2022-07-04 21:22:35:229 [WD Proxy] socket hang up
2022-07-04 21:22:36:230 [WD Proxy] Matched '/status' to command name 'getStatus'
2022-07-04 21:22:36:230 [WD Proxy] Proxying [GET /status] to [GET http://127.0.0.1:8200/wd/hub/status] with no body
2022-07-04 21:22:36:236 [WD Proxy] socket hang up
2022-07-04 21:22:37:237 [WD Proxy] Matched '/status' to command name 'getStatus'
2022-07-04 21:22:37:237 [WD Proxy] Proxying [GET /status] to [GET http://127.0.0.1:8200/wd/hub/status] with no body
2022-07-04 21:22:37:280 [WD Proxy] socket hang up
2022-07-04 21:22:38:281 [WD Proxy] Matched '/status' to command name 'getStatus'
2022-07-04 21:22:38:282 [WD Proxy] Proxying [GET /status] to [GET http://127.0.0.1:8200/wd/hub/status] with no body
2022-07-04 21:22:38:323 [WD Proxy] socket hang up
2022-07-04 21:22:39:324 [WD Proxy] Matched '/status' to command name 'getStatus'
2022-07-04 21:22:39:325 [WD Proxy] Proxying [GET /status] to [GET http://127.0.0.1:8200/wd/hub/status] with no body
2022-07-04 21:22:39:332 [WD Proxy] socket hang up
2022-07-04 21:22:40:334 [WD Proxy] Matched '/status' to command name 'getStatus'
2022-07-04 21:22:40:334 [WD Proxy] Proxying [GET /status] to [GET http://127.0.0.1:8200/wd/hub/status] with no body
2022-07-04 21:22:41:330 [WD Proxy] Got response with status 200: {"sessionId":"None","value":{"message":"UiAutomator2 Server is ready to accept commands","ready":true}}
2022-07-04 21:22:41:330 [UiAutomator2] The initialization of the instrumentation process took 13544ms
2022-07-04 21:22:41:331 [WD Proxy] Matched '/session' to command name 'createSession'
2022-07-04 21:22:41:331 [WD Proxy] Proxying [POST /session] to [POST http://127.0.0.1:8200/wd/hub/session] with body: {"capabilities":{"firstMatch":[{"platform":"LINUX","webStorageEnabled":false,"takesScreenshot":true,"javascriptEnabled":true,"databaseEnabled":false,"networkConnectionEnabled":true,"locationContextEnabled":false,"warnings":{},"desired":{"platformName":"Android","app":"/Users/maximilianoalves/Documents/projetos/pessoal/ts-appium-webdriverio-structure/apps/android/app-android-calculator.apk","appPackage":"com.example.leonardomenezes.simplecalculatorandroid","appWaitActivity":".MainActivity","newCommandTimeout":240},"platformName":"Android","app":"/Users/maximilianoalves/Documents/projetos/pessoal/ts-appium-webdriverio-structure/apps/android/app-android-calculator.apk","appPackage":"com.example.leonardomenezes.simplecalculatorandroid","appWaitActivity":".MainActivity","newCommandTimeout":240,"deviceName":"emulator-5554","deviceUDID":"emulator-5554"}],"alwaysMatch":{}}}
2022-07-04 21:22:41:684 [WD Proxy] Got response with status 200: {"sessionId":"2134d3fc-c2ff-4140-a502-26be3573c8bb","value":{"capabilities":{"firstMatch":[{"platform":"LINUX","webStorageEnabled":false,"takesScreenshot":true,"javascriptEnabled":true,"databaseEnabled":false,"networkConnectionEnabled":true,"locationContextEnabled":false,"warnings":{},"desired":{"platformName":"Android","app":"/Users/maximilianoalves/Documents/projetos/pessoal/ts-appium-webdriverio-structure/apps/android/app-android-calculator.apk","appPackage":"com.example.leonardomenezes.simplecalculatorandroid","appWaitActivity":".MainActivity","newCommandTimeout":240},"platformName":"Android","app":"/Users/maximilianoalves/Documents/projetos/pessoal/ts-appium-webdriverio-structure/apps/android/app-android-calculator.apk","appPackage":"com.example.leonardomenezes.simplecalculatorandroid","appWaitActivity":".MainActivity","newCommandTimeout":240,"deviceName":"emulator-5554","deviceUDID":"emulator-5554"}],"alwaysMatch":{}},"sessionId":"2134d3fc-c2ff-4140-a502-26be3573c8bb"}}
2022-07-04 21:22:41:685 [WD Proxy] Determined the downstream protocol as 'W3C'
2022-07-04 21:22:41:696 [WD Proxy] Proxying [GET /appium/device/info] to [GET http://127.0.0.1:8200/wd/hub/session/2134d3fc-c2ff-4140-a502-26be3573c8bb/appium/device/info] with no body
2022-07-04 21:22:41:927 [WD Proxy] Got response with status 200: {"sessionId":"2134d3fc-c2ff-4140-a502-26be3573c8bb","value":{"androidId":"54297f92c2c0cf54","apiVersion":"31","bluetooth":{"state":"OFF"},"brand":"google","carrierName":"T-Mobile","displayDensity":560,"locale":"en_US","manufacturer":"Google","model":"sdk_gphone64_x86_64","networks":[{"capabilities":{"SSID":null,"linkDownBandwidthKbps":4300,"linkUpstreamBandwidthKbps":1800,"networkCapabilities":"NET_CAPABILITY_MMS,NET_CAPABILITY_SUPL,NET_CAPABILITY_DUN,NET_CAPABILITY_FOTA,NET_CAPABILITY_IMS,NET_CAPABILITY_CBS,NET_CAPABILITY_INTERNET,NET_CAPABILITY_NOT_RESTRICTED,NET_CAPABILITY_TRUSTED,NET_CAPABILITY_NOT_VPN,NET_CAPABILITY_VALIDATED,NET_CAPABILITY_NOT_ROAMING,NET_CAPABILITY_NOT_CONGESTED,NET_CAPABILITY_NOT_SUSPENDED","signalStrength":-2147483648,"transportTypes":"TRANSPORT_CELLULAR"},"detailedState":"CONNECTED","extraInfo":"epc.tmobile.com","isAvailable":true,"isConnected":true,"isFailover":false,"isRoaming":false,"state":"CONNECTED","subtype":10,"subtypeName":"HSPA","type":0,"typeName":"MOBILE"},{"capabilit...
2022-07-04 21:22:41:927 [ADB] Running '/Users/maximilianoalves/Library/Android/sdk/platform-tools/adb -P 5037 -s emulator-5554 shell dumpsys window'
2022-07-04 21:22:42:179 [AndroidDriver] Screen already unlocked, doing nothing
2022-07-04 21:22:42:179 [UiAutomator2] Starting 'com.example.leonardomenezes.simplecalculatorandroid/com.example.leonardomenezes.simplecalculatorandroid.MainActivity and waiting for 'com.example.leonardomenezes.simplecalculatorandroid/.MainActivity'
2022-07-04 21:22:42:180 [ADB] Running '/Users/maximilianoalves/Library/Android/sdk/platform-tools/adb -P 5037 -s emulator-5554 shell am start -W -n com.example.leonardomenezes.simplecalculatorandroid/com.example.leonardomenezes.simplecalculatorandroid.MainActivity -S -a android.intent.action.MAIN -c android.intent.category.LAUNCHER -f 0x10200000'
2022-07-04 21:22:56:927 [ADB] Waiting up to 20000ms for activity matching pkg: 'com.example.leonardomenezes.simplecalculatorandroid' and activity: '.MainActivity' to be focused
2022-07-04 21:22:56:928 [ADB] Possible activities, to be checked: 'com.example.leonardomenezes.simplecalculatorandroid.MainActivity'
2022-07-04 21:22:56:928 [ADB] Getting focused package and activity
2022-07-04 21:22:56:928 [ADB] Running '/Users/maximilianoalves/Library/Android/sdk/platform-tools/adb -P 5037 -s emulator-5554 shell dumpsys window displays'
2022-07-04 21:22:57:533 [ADB] Found package: 'com.example.leonardomenezes.simplecalculatorandroid' and fully qualified activity name : 'com.example.leonardomenezes.simplecalculatorandroid.MainActivity'
2022-07-04 21:22:57:535 [WD Proxy] Proxying [GET /appium/device/pixel_ratio] to [GET http://127.0.0.1:8200/wd/hub/session/2134d3fc-c2ff-4140-a502-26be3573c8bb/appium/device/pixel_ratio] with no body
2022-07-04 21:22:57:681 [WD Proxy] Got response with status 200: {"sessionId":"2134d3fc-c2ff-4140-a502-26be3573c8bb","value":3.5}
2022-07-04 21:22:57:684 [WD Proxy] Matched '/appium/device/system_bars' to command name 'getSystemBars'
2022-07-04 21:22:57:684 [WD Proxy] Proxying [GET /appium/device/system_bars] to [GET http://127.0.0.1:8200/wd/hub/session/2134d3fc-c2ff-4140-a502-26be3573c8bb/appium/device/system_bars] with no body
2022-07-04 21:22:57:777 [WD Proxy] Got response with status 200: {"sessionId":"2134d3fc-c2ff-4140-a502-26be3573c8bb","value":{"statusBar":84}}
2022-07-04 21:22:57:778 [WD Proxy] Matched '/window/current/size' to command name 'getWindowSize'
2022-07-04 21:22:57:778 [WD Proxy] Proxying [GET /window/current/size] to [GET http://127.0.0.1:8200/wd/hub/session/2134d3fc-c2ff-4140-a502-26be3573c8bb/window/current/size] with no body
2022-07-04 21:22:57:879 [WD Proxy] Got response with status 200: {"sessionId":"2134d3fc-c2ff-4140-a502-26be3573c8bb","value":{"height":2392,"width":1440}}
2022-07-04 21:22:57:880 [Appium] New AndroidUiautomator2Driver session created successfully, session 15d81ade-5300-4af7-98c0-fa9015c1882a added to master session list
2022-07-04 21:22:57:881 [BaseDriver] Event 'newSessionStarted' logged at 1656969777881 (18:22:57 GMT-0300 (Horário Padrão de Brasília))
2022-07-04 21:22:57:882 [W3C (15d81ade)] Cached the protocol value 'W3C' for the new session 15d81ade-5300-4af7-98c0-fa9015c1882a
2022-07-04 21:22:57:882 [W3C (15d81ade)] Responding to client with driver.createSession() result: {"capabilities":{"platform":"LINUX","webStorageEnabled":false,"takesScreenshot":true,"javascriptEnabled":true,"databaseEnabled":false,"networkConnectionEnabled":true,"locationContextEnabled":false,"warnings":{},"desired":{"platformName":"Android","app":"/Users/maximilianoalves/Documents/projetos/pessoal/ts-appium-webdriverio-structure/apps/android/app-android-calculator.apk","appPackage":"com.example.leonardomenezes.simplecalculatorandroid","appWaitActivity":".MainActivity","newCommandTimeout":240},"platformName":"Android","app":"/Users/maximilianoalves/Documents/projetos/pessoal/ts-appium-webdriverio-structure/apps/android/app-android-calculator.apk","appPackage":"com.example.leonardomenezes.simplecalculatorandroid","appWaitActivity":".MainActivity","newCommandTimeout":240,"deviceName":"emulator-5554","deviceUDID":"emulator-5554","deviceApiLevel":31,"platformVersion":"12","deviceScreenSize":"1440x2560","deviceScreenDensity":560,"deviceModel":"sdk_gphone64_x86_64","deviceManufacturer":"Google","pixelRatio"...
2022-07-04 21:22:57:886 [HTTP] <-- POST /session 200 38211 ms - 1169
2022-07-04 21:22:57:886 [HTTP] 
2022-07-04 21:22:57:925 [HTTP] --> POST /session/15d81ade-5300-4af7-98c0-fa9015c1882a/element
2022-07-04 21:22:57:925 [HTTP] {"using":"id","value":"android_result_text"}
2022-07-04 21:22:57:929 [W3C (15d81ade)] Calling AppiumDriver.findElement() with args: ["id","android_result_text","15d81ade-5300-4af7-98c0-fa9015c1882a"]
2022-07-04 21:22:57:930 [BaseDriver] Valid locator strategies for this request: xpath, id, class name, accessibility id, css selector, -android uiautomator
2022-07-04 21:22:57:930 [BaseDriver] Waiting up to 0 ms for condition
2022-07-04 21:22:57:931 [WD Proxy] Matched '/element' to command name 'findElement'
2022-07-04 21:22:57:931 [WD Proxy] Proxying [POST /element] to [POST http://127.0.0.1:8200/wd/hub/session/2134d3fc-c2ff-4140-a502-26be3573c8bb/element] with body: {"strategy":"id","selector":"android_result_text","context":"","multiple":false}
2022-07-04 21:22:59:426 [WD Proxy] Got response with status 200: {"sessionId":"2134d3fc-c2ff-4140-a502-26be3573c8bb","value":{"ELEMENT":"00000000-0000-0046-ffff-ffff00000006","element-6066-11e4-a52e-4f735466cecf":"00000000-0000-0046-ffff-ffff00000006"}}
2022-07-04 21:22:59:427 [W3C (15d81ade)] Responding to client with driver.findElement() result: {"element-6066-11e4-a52e-4f735466cecf":"00000000-0000-0046-ffff-ffff00000006","ELEMENT":"00000000-0000-0046-ffff-ffff00000006"}
2022-07-04 21:22:59:428 [HTTP] <-- POST /session/15d81ade-5300-4af7-98c0-fa9015c1882a/element 200 1503 ms - 137
2022-07-04 21:22:59:428 [HTTP] 
2022-07-04 21:22:59:442 [HTTP] --> GET /session/15d81ade-5300-4af7-98c0-fa9015c1882a/element/00000000-0000-0046-ffff-ffff00000006/displayed
2022-07-04 21:22:59:442 [HTTP] {}
2022-07-04 21:22:59:446 [W3C (15d81ade)] Calling AppiumDriver.elementDisplayed() with args: ["00000000-0000-0046-ffff-ffff00000006","15d81ade-5300-4af7-98c0-fa9015c1882a"]
2022-07-04 21:22:59:446 [WD Proxy] Matched '/element/00000000-0000-0046-ffff-ffff00000006/attribute/displayed' to command name 'getAttribute'
2022-07-04 21:22:59:446 [WD Proxy] Proxying [GET /element/00000000-0000-0046-ffff-ffff00000006/attribute/displayed] to [GET http://127.0.0.1:8200/wd/hub/session/2134d3fc-c2ff-4140-a502-26be3573c8bb/element/00000000-0000-0046-ffff-ffff00000006/attribute/displayed] with no body
2022-07-04 21:23:07:333 [WD Proxy] Got response with status 200: {"sessionId":"2134d3fc-c2ff-4140-a502-26be3573c8bb","value":"true"}
2022-07-04 21:23:07:333 [W3C (15d81ade)] Responding to client with driver.elementDisplayed() result: true
2022-07-04 21:23:07:334 [HTTP] <-- GET /session/15d81ade-5300-4af7-98c0-fa9015c1882a/element/00000000-0000-0046-ffff-ffff00000006/displayed 200 7892 ms - 14
2022-07-04 21:23:07:334 [HTTP] 
2022-07-04 21:23:07:339 [HTTP] --> POST /session/15d81ade-5300-4af7-98c0-fa9015c1882a/element
2022-07-04 21:23:07:339 [HTTP] {"using":"id","value":"android_field_first_number"}
2022-07-04 21:23:07:340 [W3C (15d81ade)] Calling AppiumDriver.findElement() with args: ["id","android_field_first_number","15d81ade-5300-4af7-98c0-fa9015c1882a"]
2022-07-04 21:23:07:340 [BaseDriver] Valid locator strategies for this request: xpath, id, class name, accessibility id, css selector, -android uiautomator
2022-07-04 21:23:07:340 [BaseDriver] Waiting up to 0 ms for condition
2022-07-04 21:23:07:341 [WD Proxy] Matched '/element' to command name 'findElement'
2022-07-04 21:23:07:341 [WD Proxy] Proxying [POST /element] to [POST http://127.0.0.1:8200/wd/hub/session/2134d3fc-c2ff-4140-a502-26be3573c8bb/element] with body: {"strategy":"id","selector":"android_field_first_number","context":"","multiple":false}
2022-07-04 21:23:07:930 [WD Proxy] Got response with status 200: {"sessionId":"2134d3fc-c2ff-4140-a502-26be3573c8bb","value":{"ELEMENT":"00000000-0000-0046-ffff-ffff00000007","element-6066-11e4-a52e-4f735466cecf":"00000000-0000-0046-ffff-ffff00000007"}}
2022-07-04 21:23:07:930 [W3C (15d81ade)] Responding to client with driver.findElement() result: {"element-6066-11e4-a52e-4f735466cecf":"00000000-0000-0046-ffff-ffff00000007","ELEMENT":"00000000-0000-0046-ffff-ffff00000007"}
2022-07-04 21:23:07:931 [HTTP] <-- POST /session/15d81ade-5300-4af7-98c0-fa9015c1882a/element 200 591 ms - 137
2022-07-04 21:23:07:931 [HTTP] 
2022-07-04 21:23:07:939 [HTTP] --> POST /session/15d81ade-5300-4af7-98c0-fa9015c1882a/element/00000000-0000-0046-ffff-ffff00000007/clear
2022-07-04 21:23:07:940 [HTTP] {}
2022-07-04 21:23:07:940 [W3C (15d81ade)] Calling AppiumDriver.clear() with args: ["00000000-0000-0046-ffff-ffff00000007","15d81ade-5300-4af7-98c0-fa9015c1882a"]
2022-07-04 21:23:07:941 [WD Proxy] Matched '/element/00000000-0000-0046-ffff-ffff00000007/clear' to command name 'clear'
2022-07-04 21:23:07:941 [WD Proxy] Proxying [POST /element/00000000-0000-0046-ffff-ffff00000007/clear] to [POST http://127.0.0.1:8200/wd/hub/session/2134d3fc-c2ff-4140-a502-26be3573c8bb/element/00000000-0000-0046-ffff-ffff00000007/clear] with body: {"elementId":"00000000-0000-0046-ffff-ffff00000007"}
2022-07-04 21:23:08:230 [WD Proxy] Got response with status 200: {"sessionId":"2134d3fc-c2ff-4140-a502-26be3573c8bb","value":null}
2022-07-04 21:23:08:232 [W3C (15d81ade)] Responding to client with driver.clear() result: null
2022-07-04 21:23:08:232 [HTTP] <-- POST /session/15d81ade-5300-4af7-98c0-fa9015c1882a/element/00000000-0000-0046-ffff-ffff00000007/clear 200 293 ms - 14
2022-07-04 21:23:08:232 [HTTP] 
2022-07-04 21:23:08:236 [HTTP] --> POST /session/15d81ade-5300-4af7-98c0-fa9015c1882a/element/00000000-0000-0046-ffff-ffff00000007/value
2022-07-04 21:23:08:236 [HTTP] {"text":"2"}
2022-07-04 21:23:08:237 [W3C (15d81ade)] Calling AppiumDriver.setValue() with args: ["2","00000000-0000-0046-ffff-ffff00000007","15d81ade-5300-4af7-98c0-fa9015c1882a"]
2022-07-04 21:23:08:238 [WD Proxy] Matched '/element/00000000-0000-0046-ffff-ffff00000007/value' to command name 'setValue'
2022-07-04 21:23:08:238 [Protocol Converter] Added 'value' property ["2"] to 'setValue' request body
2022-07-04 21:23:08:238 [WD Proxy] Proxying [POST /element/00000000-0000-0046-ffff-ffff00000007/value] to [POST http://127.0.0.1:8200/wd/hub/session/2134d3fc-c2ff-4140-a502-26be3573c8bb/element/00000000-0000-0046-ffff-ffff00000007/value] with body: {"elementId":"00000000-0000-0046-ffff-ffff00000007","text":"2","replace":false,"value":["2"]}
2022-07-04 21:23:08:736 [WD Proxy] Got response with status 200: {"sessionId":"2134d3fc-c2ff-4140-a502-26be3573c8bb","value":null}
2022-07-04 21:23:08:736 [W3C (15d81ade)] Responding to client with driver.setValue() result: null
2022-07-04 21:23:08:737 [HTTP] <-- POST /session/15d81ade-5300-4af7-98c0-fa9015c1882a/element/00000000-0000-0046-ffff-ffff00000007/value 200 500 ms - 14
2022-07-04 21:23:08:737 [HTTP] 
2022-07-04 21:23:08:739 [HTTP] --> POST /session/15d81ade-5300-4af7-98c0-fa9015c1882a/element
2022-07-04 21:23:08:740 [HTTP] {"using":"id","value":"android_field_second_number"}
2022-07-04 21:23:08:740 [W3C (15d81ade)] Calling AppiumDriver.findElement() with args: ["id","android_field_second_number","15d81ade-5300-4af7-98c0-fa9015c1882a"]
2022-07-04 21:23:08:740 [BaseDriver] Valid locator strategies for this request: xpath, id, class name, accessibility id, css selector, -android uiautomator
2022-07-04 21:23:08:740 [BaseDriver] Waiting up to 0 ms for condition
2022-07-04 21:23:08:741 [WD Proxy] Matched '/element' to command name 'findElement'
2022-07-04 21:23:08:741 [WD Proxy] Proxying [POST /element] to [POST http://127.0.0.1:8200/wd/hub/session/2134d3fc-c2ff-4140-a502-26be3573c8bb/element] with body: {"strategy":"id","selector":"android_field_second_number","context":"","multiple":false}
2022-07-04 21:23:10:635 [WD Proxy] Got response with status 200: {"sessionId":"2134d3fc-c2ff-4140-a502-26be3573c8bb","value":{"ELEMENT":"00000000-0000-0046-ffff-ffff00000008","element-6066-11e4-a52e-4f735466cecf":"00000000-0000-0046-ffff-ffff00000008"}}
2022-07-04 21:23:10:636 [W3C (15d81ade)] Responding to client with driver.findElement() result: {"element-6066-11e4-a52e-4f735466cecf":"00000000-0000-0046-ffff-ffff00000008","ELEMENT":"00000000-0000-0046-ffff-ffff00000008"}
2022-07-04 21:23:10:636 [HTTP] <-- POST /session/15d81ade-5300-4af7-98c0-fa9015c1882a/element 200 1897 ms - 137
2022-07-04 21:23:10:636 [HTTP] 
2022-07-04 21:23:10:644 [HTTP] --> POST /session/15d81ade-5300-4af7-98c0-fa9015c1882a/element/00000000-0000-0046-ffff-ffff00000008/clear
2022-07-04 21:23:10:644 [HTTP] {}
2022-07-04 21:23:10:644 [W3C (15d81ade)] Calling AppiumDriver.clear() with args: ["00000000-0000-0046-ffff-ffff00000008","15d81ade-5300-4af7-98c0-fa9015c1882a"]
2022-07-04 21:23:10:645 [WD Proxy] Matched '/element/00000000-0000-0046-ffff-ffff00000008/clear' to command name 'clear'
2022-07-04 21:23:10:645 [WD Proxy] Proxying [POST /element/00000000-0000-0046-ffff-ffff00000008/clear] to [POST http://127.0.0.1:8200/wd/hub/session/2134d3fc-c2ff-4140-a502-26be3573c8bb/element/00000000-0000-0046-ffff-ffff00000008/clear] with body: {"elementId":"00000000-0000-0046-ffff-ffff00000008"}
2022-07-04 21:23:10:686 [WD Proxy] Got response with status 200: {"sessionId":"2134d3fc-c2ff-4140-a502-26be3573c8bb","value":null}
2022-07-04 21:23:10:686 [W3C (15d81ade)] Responding to client with driver.clear() result: null
2022-07-04 21:23:10:687 [HTTP] <-- POST /session/15d81ade-5300-4af7-98c0-fa9015c1882a/element/00000000-0000-0046-ffff-ffff00000008/clear 200 43 ms - 14
2022-07-04 21:23:10:687 [HTTP] 
2022-07-04 21:23:10:690 [HTTP] --> POST /session/15d81ade-5300-4af7-98c0-fa9015c1882a/element/00000000-0000-0046-ffff-ffff00000008/value
2022-07-04 21:23:10:690 [HTTP] {"text":"2"}
2022-07-04 21:23:10:691 [W3C (15d81ade)] Calling AppiumDriver.setValue() with args: ["2","00000000-0000-0046-ffff-ffff00000008","15d81ade-5300-4af7-98c0-fa9015c1882a"]
2022-07-04 21:23:10:691 [WD Proxy] Matched '/element/00000000-0000-0046-ffff-ffff00000008/value' to command name 'setValue'
2022-07-04 21:23:10:691 [Protocol Converter] Added 'value' property ["2"] to 'setValue' request body
2022-07-04 21:23:10:691 [WD Proxy] Proxying [POST /element/00000000-0000-0046-ffff-ffff00000008/value] to [POST http://127.0.0.1:8200/wd/hub/session/2134d3fc-c2ff-4140-a502-26be3573c8bb/element/00000000-0000-0046-ffff-ffff00000008/value] with body: {"elementId":"00000000-0000-0046-ffff-ffff00000008","text":"2","replace":false,"value":["2"]}
2022-07-04 21:23:12:424 [WD Proxy] Got response with status 200: {"sessionId":"2134d3fc-c2ff-4140-a502-26be3573c8bb","value":null}
2022-07-04 21:23:12:425 [W3C (15d81ade)] Responding to client with driver.setValue() result: null
2022-07-04 21:23:12:426 [HTTP] <-- POST /session/15d81ade-5300-4af7-98c0-fa9015c1882a/element/00000000-0000-0046-ffff-ffff00000008/value 200 1735 ms - 14
2022-07-04 21:23:12:426 [HTTP] 
2022-07-04 21:23:12:431 [HTTP] --> POST /session/15d81ade-5300-4af7-98c0-fa9015c1882a/element
2022-07-04 21:23:12:431 [HTTP] {"using":"id","value":"android_button_sum"}
2022-07-04 21:23:12:432 [W3C (15d81ade)] Calling AppiumDriver.findElement() with args: ["id","android_button_sum","15d81ade-5300-4af7-98c0-fa9015c1882a"]
2022-07-04 21:23:12:432 [BaseDriver] Valid locator strategies for this request: xpath, id, class name, accessibility id, css selector, -android uiautomator
2022-07-04 21:23:12:432 [BaseDriver] Waiting up to 0 ms for condition
2022-07-04 21:23:12:434 [WD Proxy] Matched '/element' to command name 'findElement'
2022-07-04 21:23:12:434 [WD Proxy] Proxying [POST /element] to [POST http://127.0.0.1:8200/wd/hub/session/2134d3fc-c2ff-4140-a502-26be3573c8bb/element] with body: {"strategy":"id","selector":"android_button_sum","context":"","multiple":false}
2022-07-04 21:23:24:281 [WD Proxy] Got response with status 200: {"sessionId":"2134d3fc-c2ff-4140-a502-26be3573c8bb","value":{"ELEMENT":"00000000-0000-0046-ffff-ffff00000009","element-6066-11e4-a52e-4f735466cecf":"00000000-0000-0046-ffff-ffff00000009"}}
2022-07-04 21:23:24:281 [W3C (15d81ade)] Responding to client with driver.findElement() result: {"element-6066-11e4-a52e-4f735466cecf":"00000000-0000-0046-ffff-ffff00000009","ELEMENT":"00000000-0000-0046-ffff-ffff00000009"}
2022-07-04 21:23:24:282 [HTTP] <-- POST /session/15d81ade-5300-4af7-98c0-fa9015c1882a/element 200 11852 ms - 137
2022-07-04 21:23:24:282 [HTTP] 
2022-07-04 21:23:24:291 [HTTP] --> POST /session/15d81ade-5300-4af7-98c0-fa9015c1882a/element/00000000-0000-0046-ffff-ffff00000009/click
2022-07-04 21:23:24:291 [HTTP] {}
2022-07-04 21:23:24:292 [W3C (15d81ade)] Calling AppiumDriver.click() with args: ["00000000-0000-0046-ffff-ffff00000009","15d81ade-5300-4af7-98c0-fa9015c1882a"]
2022-07-04 21:23:24:293 [WD Proxy] Matched '/element/00000000-0000-0046-ffff-ffff00000009/click' to command name 'click'
2022-07-04 21:23:24:293 [WD Proxy] Proxying [POST /element/00000000-0000-0046-ffff-ffff00000009/click] to [POST http://127.0.0.1:8200/wd/hub/session/2134d3fc-c2ff-4140-a502-26be3573c8bb/element/00000000-0000-0046-ffff-ffff00000009/click] with body: {"element":"00000000-0000-0046-ffff-ffff00000009"}
2022-07-04 21:23:34:826 [WD Proxy] Got response with status 200: {"sessionId":"2134d3fc-c2ff-4140-a502-26be3573c8bb","value":null}
2022-07-04 21:23:34:827 [W3C (15d81ade)] Responding to client with driver.click() result: null
2022-07-04 21:23:34:828 [HTTP] <-- POST /session/15d81ade-5300-4af7-98c0-fa9015c1882a/element/00000000-0000-0046-ffff-ffff00000009/click 200 10537 ms - 14
2022-07-04 21:23:34:828 [HTTP] 
2022-07-04 21:23:34:831 [HTTP] --> POST /session/15d81ade-5300-4af7-98c0-fa9015c1882a/element
2022-07-04 21:23:34:831 [HTTP] {"using":"id","value":"android_result_text"}
2022-07-04 21:23:34:832 [W3C (15d81ade)] Calling AppiumDriver.findElement() with args: ["id","android_result_text","15d81ade-5300-4af7-98c0-fa9015c1882a"]
2022-07-04 21:23:34:832 [BaseDriver] Valid locator strategies for this request: xpath, id, class name, accessibility id, css selector, -android uiautomator
2022-07-04 21:23:34:832 [BaseDriver] Waiting up to 0 ms for condition
2022-07-04 21:23:34:832 [WD Proxy] Matched '/element' to command name 'findElement'
2022-07-04 21:23:34:832 [WD Proxy] Proxying [POST /element] to [POST http://127.0.0.1:8200/wd/hub/session/2134d3fc-c2ff-4140-a502-26be3573c8bb/element] with body: {"strategy":"id","selector":"android_result_text","context":"","multiple":false}
2022-07-04 21:23:39:029 [WD Proxy] Got response with status 200: {"sessionId":"2134d3fc-c2ff-4140-a502-26be3573c8bb","value":{"ELEMENT":"00000000-0000-0046-ffff-ffff00000006","element-6066-11e4-a52e-4f735466cecf":"00000000-0000-0046-ffff-ffff00000006"}}
2022-07-04 21:23:39:029 [W3C (15d81ade)] Responding to client with driver.findElement() result: {"element-6066-11e4-a52e-4f735466cecf":"00000000-0000-0046-ffff-ffff00000006","ELEMENT":"00000000-0000-0046-ffff-ffff00000006"}
2022-07-04 21:23:39:030 [HTTP] <-- POST /session/15d81ade-5300-4af7-98c0-fa9015c1882a/element 200 4199 ms - 137
2022-07-04 21:23:39:030 [HTTP] 
2022-07-04 21:23:39:036 [HTTP] --> GET /session/15d81ade-5300-4af7-98c0-fa9015c1882a/element/00000000-0000-0046-ffff-ffff00000006/text
2022-07-04 21:23:39:037 [HTTP] {}
2022-07-04 21:23:39:038 [W3C (15d81ade)] Driver proxy active, passing request on via HTTP proxy
2022-07-04 21:23:39:038 [WD Proxy] Matched '/session/15d81ade-5300-4af7-98c0-fa9015c1882a/element/00000000-0000-0046-ffff-ffff00000006/text' to command name 'getText'
2022-07-04 21:23:39:039 [WD Proxy] Proxying [GET /session/15d81ade-5300-4af7-98c0-fa9015c1882a/element/00000000-0000-0046-ffff-ffff00000006/text] to [GET http://127.0.0.1:8200/wd/hub/session/2134d3fc-c2ff-4140-a502-26be3573c8bb/element/00000000-0000-0046-ffff-ffff00000006/text] with no body
2022-07-04 21:23:39:133 [WD Proxy] Got response with status 200: {"sessionId":"2134d3fc-c2ff-4140-a502-26be3573c8bb","value":"4"}
2022-07-04 21:23:39:133 [WD Proxy] Replacing sessionId 2134d3fc-c2ff-4140-a502-26be3573c8bb with 15d81ade-5300-4af7-98c0-fa9015c1882a
2022-07-04 21:23:39:134 [HTTP] <-- GET /session/15d81ade-5300-4af7-98c0-fa9015c1882a/element/00000000-0000-0046-ffff-ffff00000006/text 200 97 ms - 64
2022-07-04 21:23:39:134 [HTTP] 
2022-07-04 21:23:39:139 [HTTP] --> POST /session/15d81ade-5300-4af7-98c0-fa9015c1882a/element
2022-07-04 21:23:39:139 [HTTP] {"using":"id","value":"android_result_text"}
2022-07-04 21:23:39:139 [W3C (15d81ade)] Calling AppiumDriver.findElement() with args: ["id","android_result_text","15d81ade-5300-4af7-98c0-fa9015c1882a"]
2022-07-04 21:23:39:140 [BaseDriver] Valid locator strategies for this request: xpath, id, class name, accessibility id, css selector, -android uiautomator
2022-07-04 21:23:39:140 [BaseDriver] Waiting up to 0 ms for condition
2022-07-04 21:23:39:141 [WD Proxy] Matched '/element' to command name 'findElement'
2022-07-04 21:23:39:141 [WD Proxy] Proxying [POST /element] to [POST http://127.0.0.1:8200/wd/hub/session/2134d3fc-c2ff-4140-a502-26be3573c8bb/element] with body: {"strategy":"id","selector":"android_result_text","context":"","multiple":false}
2022-07-04 21:23:39:327 [WD Proxy] Got response with status 200: {"sessionId":"2134d3fc-c2ff-4140-a502-26be3573c8bb","value":{"ELEMENT":"00000000-0000-0046-ffff-ffff00000006","element-6066-11e4-a52e-4f735466cecf":"00000000-0000-0046-ffff-ffff00000006"}}
2022-07-04 21:23:39:327 [W3C (15d81ade)] Responding to client with driver.findElement() result: {"element-6066-11e4-a52e-4f735466cecf":"00000000-0000-0046-ffff-ffff00000006","ELEMENT":"00000000-0000-0046-ffff-ffff00000006"}
2022-07-04 21:23:39:328 [HTTP] <-- POST /session/15d81ade-5300-4af7-98c0-fa9015c1882a/element 200 189 ms - 137
2022-07-04 21:23:39:328 [HTTP] 
2022-07-04 21:23:39:334 [HTTP] --> GET /session/15d81ade-5300-4af7-98c0-fa9015c1882a/element/00000000-0000-0046-ffff-ffff00000006/displayed
2022-07-04 21:23:39:334 [HTTP] {}
2022-07-04 21:23:39:335 [W3C (15d81ade)] Calling AppiumDriver.elementDisplayed() with args: ["00000000-0000-0046-ffff-ffff00000006","15d81ade-5300-4af7-98c0-fa9015c1882a"]
2022-07-04 21:23:39:336 [WD Proxy] Matched '/element/00000000-0000-0046-ffff-ffff00000006/attribute/displayed' to command name 'getAttribute'
2022-07-04 21:23:39:336 [WD Proxy] Proxying [GET /element/00000000-0000-0046-ffff-ffff00000006/attribute/displayed] to [GET http://127.0.0.1:8200/wd/hub/session/2134d3fc-c2ff-4140-a502-26be3573c8bb/element/00000000-0000-0046-ffff-ffff00000006/attribute/displayed] with no body
2022-07-04 21:23:39:876 [WD Proxy] Got response with status 200: {"sessionId":"2134d3fc-c2ff-4140-a502-26be3573c8bb","value":"true"}
2022-07-04 21:23:39:877 [W3C (15d81ade)] Responding to client with driver.elementDisplayed() result: true
2022-07-04 21:23:39:877 [HTTP] <-- GET /session/15d81ade-5300-4af7-98c0-fa9015c1882a/element/00000000-0000-0046-ffff-ffff00000006/displayed 200 543 ms - 14
2022-07-04 21:23:39:878 [HTTP] 
2022-07-04 21:23:39:881 [HTTP] --> POST /session/15d81ade-5300-4af7-98c0-fa9015c1882a/element
2022-07-04 21:23:39:882 [HTTP] {"using":"id","value":"android_field_first_number"}
2022-07-04 21:23:39:882 [W3C (15d81ade)] Calling AppiumDriver.findElement() with args: ["id","android_field_first_number","15d81ade-5300-4af7-98c0-fa9015c1882a"]
2022-07-04 21:23:39:882 [BaseDriver] Valid locator strategies for this request: xpath, id, class name, accessibility id, css selector, -android uiautomator
2022-07-04 21:23:39:882 [BaseDriver] Waiting up to 0 ms for condition
2022-07-04 21:23:39:883 [WD Proxy] Matched '/element' to command name 'findElement'
2022-07-04 21:23:39:883 [WD Proxy] Proxying [POST /element] to [POST http://127.0.0.1:8200/wd/hub/session/2134d3fc-c2ff-4140-a502-26be3573c8bb/element] with body: {"strategy":"id","selector":"android_field_first_number","context":"","multiple":false}
2022-07-04 21:23:40:633 [WD Proxy] Got response with status 200: {"sessionId":"2134d3fc-c2ff-4140-a502-26be3573c8bb","value":{"ELEMENT":"00000000-0000-0046-ffff-ffff00000007","element-6066-11e4-a52e-4f735466cecf":"00000000-0000-0046-ffff-ffff00000007"}}
2022-07-04 21:23:40:633 [W3C (15d81ade)] Responding to client with driver.findElement() result: {"element-6066-11e4-a52e-4f735466cecf":"00000000-0000-0046-ffff-ffff00000007","ELEMENT":"00000000-0000-0046-ffff-ffff00000007"}
2022-07-04 21:23:40:634 [HTTP] <-- POST /session/15d81ade-5300-4af7-98c0-fa9015c1882a/element 200 752 ms - 137
2022-07-04 21:23:40:634 [HTTP] 
2022-07-04 21:23:40:642 [HTTP] --> POST /session/15d81ade-5300-4af7-98c0-fa9015c1882a/element/00000000-0000-0046-ffff-ffff00000007/clear
2022-07-04 21:23:40:642 [HTTP] {}
2022-07-04 21:23:40:643 [W3C (15d81ade)] Calling AppiumDriver.clear() with args: ["00000000-0000-0046-ffff-ffff00000007","15d81ade-5300-4af7-98c0-fa9015c1882a"]
2022-07-04 21:23:40:644 [WD Proxy] Matched '/element/00000000-0000-0046-ffff-ffff00000007/clear' to command name 'clear'
2022-07-04 21:23:40:644 [WD Proxy] Proxying [POST /element/00000000-0000-0046-ffff-ffff00000007/clear] to [POST http://127.0.0.1:8200/wd/hub/session/2134d3fc-c2ff-4140-a502-26be3573c8bb/element/00000000-0000-0046-ffff-ffff00000007/clear] with body: {"elementId":"00000000-0000-0046-ffff-ffff00000007"}
2022-07-04 21:23:40:829 [WD Proxy] Got response with status 200: {"sessionId":"2134d3fc-c2ff-4140-a502-26be3573c8bb","value":null}
2022-07-04 21:23:40:830 [W3C (15d81ade)] Responding to client with driver.clear() result: null
2022-07-04 21:23:40:830 [HTTP] <-- POST /session/15d81ade-5300-4af7-98c0-fa9015c1882a/element/00000000-0000-0046-ffff-ffff00000007/clear 200 188 ms - 14
2022-07-04 21:23:40:830 [HTTP] 
2022-07-04 21:23:40:833 [HTTP] --> POST /session/15d81ade-5300-4af7-98c0-fa9015c1882a/element/00000000-0000-0046-ffff-ffff00000007/value
2022-07-04 21:23:40:834 [HTTP] {"text":"4"}
2022-07-04 21:23:40:834 [W3C (15d81ade)] Calling AppiumDriver.setValue() with args: ["4","00000000-0000-0046-ffff-ffff00000007","15d81ade-5300-4af7-98c0-fa9015c1882a"]
2022-07-04 21:23:40:834 [WD Proxy] Matched '/element/00000000-0000-0046-ffff-ffff00000007/value' to command name 'setValue'
2022-07-04 21:23:40:835 [Protocol Converter] Added 'value' property ["4"] to 'setValue' request body
2022-07-04 21:23:40:835 [WD Proxy] Proxying [POST /element/00000000-0000-0046-ffff-ffff00000007/value] to [POST http://127.0.0.1:8200/wd/hub/session/2134d3fc-c2ff-4140-a502-26be3573c8bb/element/00000000-0000-0046-ffff-ffff00000007/value] with body: {"elementId":"00000000-0000-0046-ffff-ffff00000007","text":"4","replace":false,"value":["4"]}
2022-07-04 21:23:41:746 [WD Proxy] Got response with status 200: {"sessionId":"2134d3fc-c2ff-4140-a502-26be3573c8bb","value":null}
2022-07-04 21:23:41:747 [W3C (15d81ade)] Responding to client with driver.setValue() result: null
2022-07-04 21:23:41:747 [HTTP] <-- POST /session/15d81ade-5300-4af7-98c0-fa9015c1882a/element/00000000-0000-0046-ffff-ffff00000007/value 200 914 ms - 14
2022-07-04 21:23:41:747 [HTTP] 
2022-07-04 21:23:41:750 [HTTP] --> POST /session/15d81ade-5300-4af7-98c0-fa9015c1882a/element
2022-07-04 21:23:41:750 [HTTP] {"using":"id","value":"android_field_second_number"}
2022-07-04 21:23:41:750 [W3C (15d81ade)] Calling AppiumDriver.findElement() with args: ["id","android_field_second_number","15d81ade-5300-4af7-98c0-fa9015c1882a"]
2022-07-04 21:23:41:751 [BaseDriver] Valid locator strategies for this request: xpath, id, class name, accessibility id, css selector, -android uiautomator
2022-07-04 21:23:41:751 [BaseDriver] Waiting up to 0 ms for condition
2022-07-04 21:23:41:752 [WD Proxy] Matched '/element' to command name 'findElement'
2022-07-04 21:23:41:752 [WD Proxy] Proxying [POST /element] to [POST http://127.0.0.1:8200/wd/hub/session/2134d3fc-c2ff-4140-a502-26be3573c8bb/element] with body: {"strategy":"id","selector":"android_field_second_number","context":"","multiple":false}
2022-07-04 21:23:42:257 [WD Proxy] Got response with status 200: {"sessionId":"2134d3fc-c2ff-4140-a502-26be3573c8bb","value":{"ELEMENT":"00000000-0000-0046-ffff-ffff00000008","element-6066-11e4-a52e-4f735466cecf":"00000000-0000-0046-ffff-ffff00000008"}}
2022-07-04 21:23:42:257 [W3C (15d81ade)] Responding to client with driver.findElement() result: {"element-6066-11e4-a52e-4f735466cecf":"00000000-0000-0046-ffff-ffff00000008","ELEMENT":"00000000-0000-0046-ffff-ffff00000008"}
2022-07-04 21:23:42:258 [HTTP] <-- POST /session/15d81ade-5300-4af7-98c0-fa9015c1882a/element 200 508 ms - 137
2022-07-04 21:23:42:258 [HTTP] 
2022-07-04 21:23:42:262 [HTTP] --> POST /session/15d81ade-5300-4af7-98c0-fa9015c1882a/element/00000000-0000-0046-ffff-ffff00000008/clear
2022-07-04 21:23:42:262 [HTTP] {}
2022-07-04 21:23:42:263 [W3C (15d81ade)] Calling AppiumDriver.clear() with args: ["00000000-0000-0046-ffff-ffff00000008","15d81ade-5300-4af7-98c0-fa9015c1882a"]
2022-07-04 21:23:42:264 [WD Proxy] Matched '/element/00000000-0000-0046-ffff-ffff00000008/clear' to command name 'clear'
2022-07-04 21:23:42:264 [WD Proxy] Proxying [POST /element/00000000-0000-0046-ffff-ffff00000008/clear] to [POST http://127.0.0.1:8200/wd/hub/session/2134d3fc-c2ff-4140-a502-26be3573c8bb/element/00000000-0000-0046-ffff-ffff00000008/clear] with body: {"elementId":"00000000-0000-0046-ffff-ffff00000008"}
2022-07-04 21:23:42:282 [WD Proxy] Got response with status 200: {"sessionId":"2134d3fc-c2ff-4140-a502-26be3573c8bb","value":null}
2022-07-04 21:23:42:283 [W3C (15d81ade)] Responding to client with driver.clear() result: null
2022-07-04 21:23:42:283 [HTTP] <-- POST /session/15d81ade-5300-4af7-98c0-fa9015c1882a/element/00000000-0000-0046-ffff-ffff00000008/clear 200 21 ms - 14
2022-07-04 21:23:42:283 [HTTP] 
2022-07-04 21:23:42:285 [HTTP] --> POST /session/15d81ade-5300-4af7-98c0-fa9015c1882a/element/00000000-0000-0046-ffff-ffff00000008/value
2022-07-04 21:23:42:285 [HTTP] {"text":"2"}
2022-07-04 21:23:42:286 [W3C (15d81ade)] Calling AppiumDriver.setValue() with args: ["2","00000000-0000-0046-ffff-ffff00000008","15d81ade-5300-4af7-98c0-fa9015c1882a"]
2022-07-04 21:23:42:286 [WD Proxy] Matched '/element/00000000-0000-0046-ffff-ffff00000008/value' to command name 'setValue'
2022-07-04 21:23:42:286 [Protocol Converter] Added 'value' property ["2"] to 'setValue' request body
2022-07-04 21:23:42:286 [WD Proxy] Proxying [POST /element/00000000-0000-0046-ffff-ffff00000008/value] to [POST http://127.0.0.1:8200/wd/hub/session/2134d3fc-c2ff-4140-a502-26be3573c8bb/element/00000000-0000-0046-ffff-ffff00000008/value] with body: {"elementId":"00000000-0000-0046-ffff-ffff00000008","text":"2","replace":false,"value":["2"]}
2022-07-04 21:23:46:284 [WD Proxy] Got response with status 200: {"sessionId":"2134d3fc-c2ff-4140-a502-26be3573c8bb","value":null}
2022-07-04 21:23:46:285 [W3C (15d81ade)] Responding to client with driver.setValue() result: null
2022-07-04 21:23:46:285 [HTTP] <-- POST /session/15d81ade-5300-4af7-98c0-fa9015c1882a/element/00000000-0000-0046-ffff-ffff00000008/value 200 4000 ms - 14
2022-07-04 21:23:46:285 [HTTP] 
2022-07-04 21:23:46:287 [HTTP] --> POST /session/15d81ade-5300-4af7-98c0-fa9015c1882a/element
2022-07-04 21:23:46:288 [HTTP] {"using":"id","value":"android_button_sub"}
2022-07-04 21:23:46:288 [W3C (15d81ade)] Calling AppiumDriver.findElement() with args: ["id","android_button_sub","15d81ade-5300-4af7-98c0-fa9015c1882a"]
2022-07-04 21:23:46:288 [BaseDriver] Valid locator strategies for this request: xpath, id, class name, accessibility id, css selector, -android uiautomator
2022-07-04 21:23:46:288 [BaseDriver] Waiting up to 0 ms for condition
2022-07-04 21:23:46:289 [WD Proxy] Matched '/element' to command name 'findElement'
2022-07-04 21:23:46:289 [WD Proxy] Proxying [POST /element] to [POST http://127.0.0.1:8200/wd/hub/session/2134d3fc-c2ff-4140-a502-26be3573c8bb/element] with body: {"strategy":"id","selector":"android_button_sub","context":"","multiple":false}
2022-07-04 21:23:46:323 [WD Proxy] Got response with status 200: {"sessionId":"2134d3fc-c2ff-4140-a502-26be3573c8bb","value":{"ELEMENT":"00000000-0000-0046-ffff-ffff0000000a","element-6066-11e4-a52e-4f735466cecf":"00000000-0000-0046-ffff-ffff0000000a"}}
2022-07-04 21:23:46:323 [W3C (15d81ade)] Responding to client with driver.findElement() result: {"element-6066-11e4-a52e-4f735466cecf":"00000000-0000-0046-ffff-ffff0000000a","ELEMENT":"00000000-0000-0046-ffff-ffff0000000a"}
2022-07-04 21:23:46:324 [HTTP] <-- POST /session/15d81ade-5300-4af7-98c0-fa9015c1882a/element 200 36 ms - 137
2022-07-04 21:23:46:324 [HTTP] 
2022-07-04 21:23:46:330 [HTTP] --> POST /session/15d81ade-5300-4af7-98c0-fa9015c1882a/element/00000000-0000-0046-ffff-ffff0000000a/click
2022-07-04 21:23:46:331 [HTTP] {}
2022-07-04 21:23:46:331 [W3C (15d81ade)] Calling AppiumDriver.click() with args: ["00000000-0000-0046-ffff-ffff0000000a","15d81ade-5300-4af7-98c0-fa9015c1882a"]
2022-07-04 21:23:46:332 [WD Proxy] Matched '/element/00000000-0000-0046-ffff-ffff0000000a/click' to command name 'click'
2022-07-04 21:23:46:332 [WD Proxy] Proxying [POST /element/00000000-0000-0046-ffff-ffff0000000a/click] to [POST http://127.0.0.1:8200/wd/hub/session/2134d3fc-c2ff-4140-a502-26be3573c8bb/element/00000000-0000-0046-ffff-ffff0000000a/click] with body: {"element":"00000000-0000-0046-ffff-ffff0000000a"}
2022-07-04 21:23:46:815 [WD Proxy] Got response with status 200: {"sessionId":"2134d3fc-c2ff-4140-a502-26be3573c8bb","value":null}
2022-07-04 21:23:46:815 [W3C (15d81ade)] Responding to client with driver.click() result: null
2022-07-04 21:23:46:816 [HTTP] <-- POST /session/15d81ade-5300-4af7-98c0-fa9015c1882a/element/00000000-0000-0046-ffff-ffff0000000a/click 200 485 ms - 14
2022-07-04 21:23:46:816 [HTTP] 
2022-07-04 21:23:46:818 [HTTP] --> POST /session/15d81ade-5300-4af7-98c0-fa9015c1882a/element
2022-07-04 21:23:46:818 [HTTP] {"using":"id","value":"android_result_text"}
2022-07-04 21:23:46:819 [W3C (15d81ade)] Calling AppiumDriver.findElement() with args: ["id","android_result_text","15d81ade-5300-4af7-98c0-fa9015c1882a"]
2022-07-04 21:23:46:819 [BaseDriver] Valid locator strategies for this request: xpath, id, class name, accessibility id, css selector, -android uiautomator
2022-07-04 21:23:46:819 [BaseDriver] Waiting up to 0 ms for condition
2022-07-04 21:23:46:820 [WD Proxy] Matched '/element' to command name 'findElement'
2022-07-04 21:23:46:820 [WD Proxy] Proxying [POST /element] to [POST http://127.0.0.1:8200/wd/hub/session/2134d3fc-c2ff-4140-a502-26be3573c8bb/element] with body: {"strategy":"id","selector":"android_result_text","context":"","multiple":false}
2022-07-04 21:23:47:321 [WD Proxy] Got response with status 200: {"sessionId":"2134d3fc-c2ff-4140-a502-26be3573c8bb","value":{"ELEMENT":"00000000-0000-0046-ffff-ffff00000006","element-6066-11e4-a52e-4f735466cecf":"00000000-0000-0046-ffff-ffff00000006"}}
2022-07-04 21:23:47:322 [W3C (15d81ade)] Responding to client with driver.findElement() result: {"element-6066-11e4-a52e-4f735466cecf":"00000000-0000-0046-ffff-ffff00000006","ELEMENT":"00000000-0000-0046-ffff-ffff00000006"}
2022-07-04 21:23:47:322 [HTTP] <-- POST /session/15d81ade-5300-4af7-98c0-fa9015c1882a/element 200 504 ms - 137
2022-07-04 21:23:47:322 [HTTP] 
2022-07-04 21:23:47:328 [HTTP] --> GET /session/15d81ade-5300-4af7-98c0-fa9015c1882a/element/00000000-0000-0046-ffff-ffff00000006/text
2022-07-04 21:23:47:328 [HTTP] {}
2022-07-04 21:23:47:329 [W3C (15d81ade)] Driver proxy active, passing request on via HTTP proxy
2022-07-04 21:23:47:329 [WD Proxy] Matched '/session/15d81ade-5300-4af7-98c0-fa9015c1882a/element/00000000-0000-0046-ffff-ffff00000006/text' to command name 'getText'
2022-07-04 21:23:47:329 [WD Proxy] Proxying [GET /session/15d81ade-5300-4af7-98c0-fa9015c1882a/element/00000000-0000-0046-ffff-ffff00000006/text] to [GET http://127.0.0.1:8200/wd/hub/session/2134d3fc-c2ff-4140-a502-26be3573c8bb/element/00000000-0000-0046-ffff-ffff00000006/text] with no body
2022-07-04 21:23:47:343 [WD Proxy] Got response with status 200: {"sessionId":"2134d3fc-c2ff-4140-a502-26be3573c8bb","value":"2"}
2022-07-04 21:23:47:343 [WD Proxy] Replacing sessionId 2134d3fc-c2ff-4140-a502-26be3573c8bb with 15d81ade-5300-4af7-98c0-fa9015c1882a
2022-07-04 21:23:47:344 [HTTP] <-- GET /session/15d81ade-5300-4af7-98c0-fa9015c1882a/element/00000000-0000-0046-ffff-ffff00000006/text 200 16 ms - 64
2022-07-04 21:23:47:344 [HTTP] 
2022-07-04 21:23:47:348 [HTTP] --> POST /session/15d81ade-5300-4af7-98c0-fa9015c1882a/element
2022-07-04 21:23:47:348 [HTTP] {"using":"id","value":"android_result_text"}
2022-07-04 21:23:47:348 [W3C (15d81ade)] Calling AppiumDriver.findElement() with args: ["id","android_result_text","15d81ade-5300-4af7-98c0-fa9015c1882a"]
2022-07-04 21:23:47:349 [BaseDriver] Valid locator strategies for this request: xpath, id, class name, accessibility id, css selector, -android uiautomator
2022-07-04 21:23:47:349 [BaseDriver] Waiting up to 0 ms for condition
2022-07-04 21:23:47:350 [WD Proxy] Matched '/element' to command name 'findElement'
2022-07-04 21:23:47:350 [WD Proxy] Proxying [POST /element] to [POST http://127.0.0.1:8200/wd/hub/session/2134d3fc-c2ff-4140-a502-26be3573c8bb/element] with body: {"strategy":"id","selector":"android_result_text","context":"","multiple":false}
2022-07-04 21:23:47:367 [WD Proxy] Got response with status 200: {"sessionId":"2134d3fc-c2ff-4140-a502-26be3573c8bb","value":{"ELEMENT":"00000000-0000-0046-ffff-ffff00000006","element-6066-11e4-a52e-4f735466cecf":"00000000-0000-0046-ffff-ffff00000006"}}
2022-07-04 21:23:47:368 [W3C (15d81ade)] Responding to client with driver.findElement() result: {"element-6066-11e4-a52e-4f735466cecf":"00000000-0000-0046-ffff-ffff00000006","ELEMENT":"00000000-0000-0046-ffff-ffff00000006"}
2022-07-04 21:23:47:368 [HTTP] <-- POST /session/15d81ade-5300-4af7-98c0-fa9015c1882a/element 200 20 ms - 137
2022-07-04 21:23:47:368 [HTTP] 
2022-07-04 21:23:47:374 [HTTP] --> GET /session/15d81ade-5300-4af7-98c0-fa9015c1882a/element/00000000-0000-0046-ffff-ffff00000006/displayed
2022-07-04 21:23:47:374 [HTTP] {}
2022-07-04 21:23:47:374 [W3C (15d81ade)] Calling AppiumDriver.elementDisplayed() with args: ["00000000-0000-0046-ffff-ffff00000006","15d81ade-5300-4af7-98c0-fa9015c1882a"]
2022-07-04 21:23:47:375 [WD Proxy] Matched '/element/00000000-0000-0046-ffff-ffff00000006/attribute/displayed' to command name 'getAttribute'
2022-07-04 21:23:47:375 [WD Proxy] Proxying [GET /element/00000000-0000-0046-ffff-ffff00000006/attribute/displayed] to [GET http://127.0.0.1:8200/wd/hub/session/2134d3fc-c2ff-4140-a502-26be3573c8bb/element/00000000-0000-0046-ffff-ffff00000006/attribute/displayed] with no body
2022-07-04 21:23:47:386 [WD Proxy] Got response with status 200: {"sessionId":"2134d3fc-c2ff-4140-a502-26be3573c8bb","value":"true"}
2022-07-04 21:23:47:386 [W3C (15d81ade)] Responding to client with driver.elementDisplayed() result: true
2022-07-04 21:23:47:386 [HTTP] <-- GET /session/15d81ade-5300-4af7-98c0-fa9015c1882a/element/00000000-0000-0046-ffff-ffff00000006/displayed 200 13 ms - 14
2022-07-04 21:23:47:387 [HTTP] 
2022-07-04 21:23:47:389 [HTTP] --> POST /session/15d81ade-5300-4af7-98c0-fa9015c1882a/element
2022-07-04 21:23:47:389 [HTTP] {"using":"id","value":"android_field_first_number"}
2022-07-04 21:23:47:389 [W3C (15d81ade)] Calling AppiumDriver.findElement() with args: ["id","android_field_first_number","15d81ade-5300-4af7-98c0-fa9015c1882a"]
2022-07-04 21:23:47:390 [BaseDriver] Valid locator strategies for this request: xpath, id, class name, accessibility id, css selector, -android uiautomator
2022-07-04 21:23:47:390 [BaseDriver] Waiting up to 0 ms for condition
2022-07-04 21:23:47:390 [WD Proxy] Matched '/element' to command name 'findElement'
2022-07-04 21:23:47:390 [WD Proxy] Proxying [POST /element] to [POST http://127.0.0.1:8200/wd/hub/session/2134d3fc-c2ff-4140-a502-26be3573c8bb/element] with body: {"strategy":"id","selector":"android_field_first_number","context":"","multiple":false}
2022-07-04 21:23:47:407 [WD Proxy] Got response with status 200: {"sessionId":"2134d3fc-c2ff-4140-a502-26be3573c8bb","value":{"ELEMENT":"00000000-0000-0046-ffff-ffff00000007","element-6066-11e4-a52e-4f735466cecf":"00000000-0000-0046-ffff-ffff00000007"}}
2022-07-04 21:23:47:408 [W3C (15d81ade)] Responding to client with driver.findElement() result: {"element-6066-11e4-a52e-4f735466cecf":"00000000-0000-0046-ffff-ffff00000007","ELEMENT":"00000000-0000-0046-ffff-ffff00000007"}
2022-07-04 21:23:47:408 [HTTP] <-- POST /session/15d81ade-5300-4af7-98c0-fa9015c1882a/element 200 19 ms - 137
2022-07-04 21:23:47:408 [HTTP] 
2022-07-04 21:23:47:414 [HTTP] --> POST /session/15d81ade-5300-4af7-98c0-fa9015c1882a/element/00000000-0000-0046-ffff-ffff00000007/clear
2022-07-04 21:23:47:414 [HTTP] {}
2022-07-04 21:23:47:414 [W3C (15d81ade)] Calling AppiumDriver.clear() with args: ["00000000-0000-0046-ffff-ffff00000007","15d81ade-5300-4af7-98c0-fa9015c1882a"]
2022-07-04 21:23:47:414 [WD Proxy] Matched '/element/00000000-0000-0046-ffff-ffff00000007/clear' to command name 'clear'
2022-07-04 21:23:47:415 [WD Proxy] Proxying [POST /element/00000000-0000-0046-ffff-ffff00000007/clear] to [POST http://127.0.0.1:8200/wd/hub/session/2134d3fc-c2ff-4140-a502-26be3573c8bb/element/00000000-0000-0046-ffff-ffff00000007/clear] with body: {"elementId":"00000000-0000-0046-ffff-ffff00000007"}
2022-07-04 21:23:47:436 [WD Proxy] Got response with status 200: {"sessionId":"2134d3fc-c2ff-4140-a502-26be3573c8bb","value":null}
2022-07-04 21:23:47:436 [W3C (15d81ade)] Responding to client with driver.clear() result: null
2022-07-04 21:23:47:437 [HTTP] <-- POST /session/15d81ade-5300-4af7-98c0-fa9015c1882a/element/00000000-0000-0046-ffff-ffff00000007/clear 200 23 ms - 14
2022-07-04 21:23:47:437 [HTTP] 
2022-07-04 21:23:47:439 [HTTP] --> POST /session/15d81ade-5300-4af7-98c0-fa9015c1882a/element/00000000-0000-0046-ffff-ffff00000007/value
2022-07-04 21:23:47:439 [HTTP] {"text":"4"}
2022-07-04 21:23:47:439 [W3C (15d81ade)] Calling AppiumDriver.setValue() with args: ["4","00000000-0000-0046-ffff-ffff00000007","15d81ade-5300-4af7-98c0-fa9015c1882a"]
2022-07-04 21:23:47:439 [WD Proxy] Matched '/element/00000000-0000-0046-ffff-ffff00000007/value' to command name 'setValue'
2022-07-04 21:23:47:440 [Protocol Converter] Added 'value' property ["4"] to 'setValue' request body
2022-07-04 21:23:47:440 [WD Proxy] Proxying [POST /element/00000000-0000-0046-ffff-ffff00000007/value] to [POST http://127.0.0.1:8200/wd/hub/session/2134d3fc-c2ff-4140-a502-26be3573c8bb/element/00000000-0000-0046-ffff-ffff00000007/value] with body: {"elementId":"00000000-0000-0046-ffff-ffff00000007","text":"4","replace":false,"value":["4"]}
2022-07-04 21:23:48:492 [WD Proxy] Got response with status 200: {"sessionId":"2134d3fc-c2ff-4140-a502-26be3573c8bb","value":null}
2022-07-04 21:23:48:492 [W3C (15d81ade)] Responding to client with driver.setValue() result: null
2022-07-04 21:23:48:493 [HTTP] <-- POST /session/15d81ade-5300-4af7-98c0-fa9015c1882a/element/00000000-0000-0046-ffff-ffff00000007/value 200 1054 ms - 14
2022-07-04 21:23:48:493 [HTTP] 
2022-07-04 21:23:48:495 [HTTP] --> POST /session/15d81ade-5300-4af7-98c0-fa9015c1882a/element
2022-07-04 21:23:48:495 [HTTP] {"using":"id","value":"android_field_second_number"}
2022-07-04 21:23:48:495 [W3C (15d81ade)] Calling AppiumDriver.findElement() with args: ["id","android_field_second_number","15d81ade-5300-4af7-98c0-fa9015c1882a"]
2022-07-04 21:23:48:496 [BaseDriver] Valid locator strategies for this request: xpath, id, class name, accessibility id, css selector, -android uiautomator
2022-07-04 21:23:48:496 [BaseDriver] Waiting up to 0 ms for condition
2022-07-04 21:23:48:496 [WD Proxy] Matched '/element' to command name 'findElement'
2022-07-04 21:23:48:496 [WD Proxy] Proxying [POST /element] to [POST http://127.0.0.1:8200/wd/hub/session/2134d3fc-c2ff-4140-a502-26be3573c8bb/element] with body: {"strategy":"id","selector":"android_field_second_number","context":"","multiple":false}
2022-07-04 21:23:49:009 [WD Proxy] Got response with status 200: {"sessionId":"2134d3fc-c2ff-4140-a502-26be3573c8bb","value":{"ELEMENT":"00000000-0000-0046-ffff-ffff00000008","element-6066-11e4-a52e-4f735466cecf":"00000000-0000-0046-ffff-ffff00000008"}}
2022-07-04 21:23:49:010 [W3C (15d81ade)] Responding to client with driver.findElement() result: {"element-6066-11e4-a52e-4f735466cecf":"00000000-0000-0046-ffff-ffff00000008","ELEMENT":"00000000-0000-0046-ffff-ffff00000008"}
2022-07-04 21:23:49:010 [HTTP] <-- POST /session/15d81ade-5300-4af7-98c0-fa9015c1882a/element 200 515 ms - 137
2022-07-04 21:23:49:010 [HTTP] 
2022-07-04 21:23:49:016 [HTTP] --> POST /session/15d81ade-5300-4af7-98c0-fa9015c1882a/element/00000000-0000-0046-ffff-ffff00000008/clear
2022-07-04 21:23:49:016 [HTTP] {}
2022-07-04 21:23:49:016 [W3C (15d81ade)] Calling AppiumDriver.clear() with args: ["00000000-0000-0046-ffff-ffff00000008","15d81ade-5300-4af7-98c0-fa9015c1882a"]
2022-07-04 21:23:49:017 [WD Proxy] Matched '/element/00000000-0000-0046-ffff-ffff00000008/clear' to command name 'clear'
2022-07-04 21:23:49:017 [WD Proxy] Proxying [POST /element/00000000-0000-0046-ffff-ffff00000008/clear] to [POST http://127.0.0.1:8200/wd/hub/session/2134d3fc-c2ff-4140-a502-26be3573c8bb/element/00000000-0000-0046-ffff-ffff00000008/clear] with body: {"elementId":"00000000-0000-0046-ffff-ffff00000008"}
2022-07-04 21:23:49:033 [WD Proxy] Got response with status 200: {"sessionId":"2134d3fc-c2ff-4140-a502-26be3573c8bb","value":null}
2022-07-04 21:23:49:034 [W3C (15d81ade)] Responding to client with driver.clear() result: null
2022-07-04 21:23:49:034 [HTTP] <-- POST /session/15d81ade-5300-4af7-98c0-fa9015c1882a/element/00000000-0000-0046-ffff-ffff00000008/clear 200 18 ms - 14
2022-07-04 21:23:49:034 [HTTP] 
2022-07-04 21:23:49:036 [HTTP] --> POST /session/15d81ade-5300-4af7-98c0-fa9015c1882a/element/00000000-0000-0046-ffff-ffff00000008/value
2022-07-04 21:23:49:036 [HTTP] {"text":"2"}
2022-07-04 21:23:49:038 [W3C (15d81ade)] Calling AppiumDriver.setValue() with args: ["2","00000000-0000-0046-ffff-ffff00000008","15d81ade-5300-4af7-98c0-fa9015c1882a"]
2022-07-04 21:23:49:038 [WD Proxy] Matched '/element/00000000-0000-0046-ffff-ffff00000008/value' to command name 'setValue'
2022-07-04 21:23:49:039 [Protocol Converter] Added 'value' property ["2"] to 'setValue' request body
2022-07-04 21:23:49:039 [WD Proxy] Proxying [POST /element/00000000-0000-0046-ffff-ffff00000008/value] to [POST http://127.0.0.1:8200/wd/hub/session/2134d3fc-c2ff-4140-a502-26be3573c8bb/element/00000000-0000-0046-ffff-ffff00000008/value] with body: {"elementId":"00000000-0000-0046-ffff-ffff00000008","text":"2","replace":false,"value":["2"]}
2022-07-04 21:23:50:051 [WD Proxy] Got response with status 200: {"sessionId":"2134d3fc-c2ff-4140-a502-26be3573c8bb","value":null}
2022-07-04 21:23:50:051 [W3C (15d81ade)] Responding to client with driver.setValue() result: null
2022-07-04 21:23:50:052 [HTTP] <-- POST /session/15d81ade-5300-4af7-98c0-fa9015c1882a/element/00000000-0000-0046-ffff-ffff00000008/value 200 1016 ms - 14
2022-07-04 21:23:50:052 [HTTP] 
2022-07-04 21:23:50:054 [HTTP] --> POST /session/15d81ade-5300-4af7-98c0-fa9015c1882a/element
2022-07-04 21:23:50:054 [HTTP] {"using":"id","value":"android_button_mult"}
2022-07-04 21:23:50:054 [W3C (15d81ade)] Calling AppiumDriver.findElement() with args: ["id","android_button_mult","15d81ade-5300-4af7-98c0-fa9015c1882a"]
2022-07-04 21:23:50:054 [BaseDriver] Valid locator strategies for this request: xpath, id, class name, accessibility id, css selector, -android uiautomator
2022-07-04 21:23:50:055 [BaseDriver] Waiting up to 0 ms for condition
2022-07-04 21:23:50:055 [WD Proxy] Matched '/element' to command name 'findElement'
2022-07-04 21:23:50:055 [WD Proxy] Proxying [POST /element] to [POST http://127.0.0.1:8200/wd/hub/session/2134d3fc-c2ff-4140-a502-26be3573c8bb/element] with body: {"strategy":"id","selector":"android_button_mult","context":"","multiple":false}
2022-07-04 21:23:50:085 [WD Proxy] Got response with status 200: {"sessionId":"2134d3fc-c2ff-4140-a502-26be3573c8bb","value":{"ELEMENT":"00000000-0000-0046-ffff-ffff0000000b","element-6066-11e4-a52e-4f735466cecf":"00000000-0000-0046-ffff-ffff0000000b"}}
2022-07-04 21:23:50:085 [W3C (15d81ade)] Responding to client with driver.findElement() result: {"element-6066-11e4-a52e-4f735466cecf":"00000000-0000-0046-ffff-ffff0000000b","ELEMENT":"00000000-0000-0046-ffff-ffff0000000b"}
2022-07-04 21:23:50:086 [HTTP] <-- POST /session/15d81ade-5300-4af7-98c0-fa9015c1882a/element 200 31 ms - 137
2022-07-04 21:23:50:086 [HTTP] 
2022-07-04 21:23:50:091 [HTTP] --> POST /session/15d81ade-5300-4af7-98c0-fa9015c1882a/element/00000000-0000-0046-ffff-ffff0000000b/click
2022-07-04 21:23:50:091 [HTTP] {}
2022-07-04 21:23:50:091 [W3C (15d81ade)] Calling AppiumDriver.click() with args: ["00000000-0000-0046-ffff-ffff0000000b","15d81ade-5300-4af7-98c0-fa9015c1882a"]
2022-07-04 21:23:50:091 [WD Proxy] Matched '/element/00000000-0000-0046-ffff-ffff0000000b/click' to command name 'click'
2022-07-04 21:23:50:092 [WD Proxy] Proxying [POST /element/00000000-0000-0046-ffff-ffff0000000b/click] to [POST http://127.0.0.1:8200/wd/hub/session/2134d3fc-c2ff-4140-a502-26be3573c8bb/element/00000000-0000-0046-ffff-ffff0000000b/click] with body: {"element":"00000000-0000-0046-ffff-ffff0000000b"}
2022-07-04 21:23:50:588 [WD Proxy] Got response with status 200: {"sessionId":"2134d3fc-c2ff-4140-a502-26be3573c8bb","value":null}
2022-07-04 21:23:50:588 [W3C (15d81ade)] Responding to client with driver.click() result: null
2022-07-04 21:23:50:589 [HTTP] <-- POST /session/15d81ade-5300-4af7-98c0-fa9015c1882a/element/00000000-0000-0046-ffff-ffff0000000b/click 200 498 ms - 14
2022-07-04 21:23:50:589 [HTTP] 
2022-07-04 21:23:50:590 [HTTP] --> POST /session/15d81ade-5300-4af7-98c0-fa9015c1882a/element
2022-07-04 21:23:50:590 [HTTP] {"using":"id","value":"android_result_text"}
2022-07-04 21:23:50:591 [W3C (15d81ade)] Calling AppiumDriver.findElement() with args: ["id","android_result_text","15d81ade-5300-4af7-98c0-fa9015c1882a"]
2022-07-04 21:23:50:591 [BaseDriver] Valid locator strategies for this request: xpath, id, class name, accessibility id, css selector, -android uiautomator
2022-07-04 21:23:50:591 [BaseDriver] Waiting up to 0 ms for condition
2022-07-04 21:23:50:591 [WD Proxy] Matched '/element' to command name 'findElement'
2022-07-04 21:23:50:591 [WD Proxy] Proxying [POST /element] to [POST http://127.0.0.1:8200/wd/hub/session/2134d3fc-c2ff-4140-a502-26be3573c8bb/element] with body: {"strategy":"id","selector":"android_result_text","context":"","multiple":false}
2022-07-04 21:23:51:079 [WD Proxy] Got response with status 200: {"sessionId":"2134d3fc-c2ff-4140-a502-26be3573c8bb","value":{"ELEMENT":"00000000-0000-0046-ffff-ffff00000006","element-6066-11e4-a52e-4f735466cecf":"00000000-0000-0046-ffff-ffff00000006"}}
2022-07-04 21:23:51:079 [W3C (15d81ade)] Responding to client with driver.findElement() result: {"element-6066-11e4-a52e-4f735466cecf":"00000000-0000-0046-ffff-ffff00000006","ELEMENT":"00000000-0000-0046-ffff-ffff00000006"}
2022-07-04 21:23:51:080 [HTTP] <-- POST /session/15d81ade-5300-4af7-98c0-fa9015c1882a/element 200 489 ms - 137
2022-07-04 21:23:51:080 [HTTP] 
2022-07-04 21:23:51:085 [HTTP] --> GET /session/15d81ade-5300-4af7-98c0-fa9015c1882a/element/00000000-0000-0046-ffff-ffff00000006/text
2022-07-04 21:23:51:085 [HTTP] {}
2022-07-04 21:23:51:085 [W3C (15d81ade)] Driver proxy active, passing request on via HTTP proxy
2022-07-04 21:23:51:086 [WD Proxy] Matched '/session/15d81ade-5300-4af7-98c0-fa9015c1882a/element/00000000-0000-0046-ffff-ffff00000006/text' to command name 'getText'
2022-07-04 21:23:51:086 [WD Proxy] Proxying [GET /session/15d81ade-5300-4af7-98c0-fa9015c1882a/element/00000000-0000-0046-ffff-ffff00000006/text] to [GET http://127.0.0.1:8200/wd/hub/session/2134d3fc-c2ff-4140-a502-26be3573c8bb/element/00000000-0000-0046-ffff-ffff00000006/text] with no body
2022-07-04 21:23:51:100 [WD Proxy] Got response with status 200: {"sessionId":"2134d3fc-c2ff-4140-a502-26be3573c8bb","value":"8"}
2022-07-04 21:23:51:100 [WD Proxy] Replacing sessionId 2134d3fc-c2ff-4140-a502-26be3573c8bb with 15d81ade-5300-4af7-98c0-fa9015c1882a
2022-07-04 21:23:51:101 [HTTP] <-- GET /session/15d81ade-5300-4af7-98c0-fa9015c1882a/element/00000000-0000-0046-ffff-ffff00000006/text 200 15 ms - 64
2022-07-04 21:23:51:101 [HTTP] 
2022-07-04 21:23:51:103 [HTTP] --> POST /session/15d81ade-5300-4af7-98c0-fa9015c1882a/element
2022-07-04 21:23:51:103 [HTTP] {"using":"id","value":"android_result_text"}
2022-07-04 21:23:51:103 [W3C (15d81ade)] Calling AppiumDriver.findElement() with args: ["id","android_result_text","15d81ade-5300-4af7-98c0-fa9015c1882a"]
2022-07-04 21:23:51:104 [BaseDriver] Valid locator strategies for this request: xpath, id, class name, accessibility id, css selector, -android uiautomator
2022-07-04 21:23:51:104 [BaseDriver] Waiting up to 0 ms for condition
2022-07-04 21:23:51:104 [WD Proxy] Matched '/element' to command name 'findElement'
2022-07-04 21:23:51:104 [WD Proxy] Proxying [POST /element] to [POST http://127.0.0.1:8200/wd/hub/session/2134d3fc-c2ff-4140-a502-26be3573c8bb/element] with body: {"strategy":"id","selector":"android_result_text","context":"","multiple":false}
2022-07-04 21:23:51:123 [WD Proxy] Got response with status 200: {"sessionId":"2134d3fc-c2ff-4140-a502-26be3573c8bb","value":{"ELEMENT":"00000000-0000-0046-ffff-ffff00000006","element-6066-11e4-a52e-4f735466cecf":"00000000-0000-0046-ffff-ffff00000006"}}
2022-07-04 21:23:51:123 [W3C (15d81ade)] Responding to client with driver.findElement() result: {"element-6066-11e4-a52e-4f735466cecf":"00000000-0000-0046-ffff-ffff00000006","ELEMENT":"00000000-0000-0046-ffff-ffff00000006"}
2022-07-04 21:23:51:124 [HTTP] <-- POST /session/15d81ade-5300-4af7-98c0-fa9015c1882a/element 200 20 ms - 137
2022-07-04 21:23:51:124 [HTTP] 
2022-07-04 21:23:51:131 [HTTP] --> GET /session/15d81ade-5300-4af7-98c0-fa9015c1882a/element/00000000-0000-0046-ffff-ffff00000006/displayed
2022-07-04 21:23:51:131 [HTTP] {}
2022-07-04 21:23:51:131 [W3C (15d81ade)] Calling AppiumDriver.elementDisplayed() with args: ["00000000-0000-0046-ffff-ffff00000006","15d81ade-5300-4af7-98c0-fa9015c1882a"]
2022-07-04 21:23:51:131 [WD Proxy] Matched '/element/00000000-0000-0046-ffff-ffff00000006/attribute/displayed' to command name 'getAttribute'
2022-07-04 21:23:51:132 [WD Proxy] Proxying [GET /element/00000000-0000-0046-ffff-ffff00000006/attribute/displayed] to [GET http://127.0.0.1:8200/wd/hub/session/2134d3fc-c2ff-4140-a502-26be3573c8bb/element/00000000-0000-0046-ffff-ffff00000006/attribute/displayed] with no body
2022-07-04 21:23:51:151 [WD Proxy] Got response with status 200: {"sessionId":"2134d3fc-c2ff-4140-a502-26be3573c8bb","value":"true"}
2022-07-04 21:23:51:151 [W3C (15d81ade)] Responding to client with driver.elementDisplayed() result: true
2022-07-04 21:23:51:152 [HTTP] <-- GET /session/15d81ade-5300-4af7-98c0-fa9015c1882a/element/00000000-0000-0046-ffff-ffff00000006/displayed 200 21 ms - 14
2022-07-04 21:23:51:152 [HTTP] 
2022-07-04 21:23:51:155 [HTTP] --> POST /session/15d81ade-5300-4af7-98c0-fa9015c1882a/element
2022-07-04 21:23:51:155 [HTTP] {"using":"id","value":"android_field_first_number"}
2022-07-04 21:23:51:155 [W3C (15d81ade)] Calling AppiumDriver.findElement() with args: ["id","android_field_first_number","15d81ade-5300-4af7-98c0-fa9015c1882a"]
2022-07-04 21:23:51:156 [BaseDriver] Valid locator strategies for this request: xpath, id, class name, accessibility id, css selector, -android uiautomator
2022-07-04 21:23:51:156 [BaseDriver] Waiting up to 0 ms for condition
2022-07-04 21:23:51:156 [WD Proxy] Matched '/element' to command name 'findElement'
2022-07-04 21:23:51:156 [WD Proxy] Proxying [POST /element] to [POST http://127.0.0.1:8200/wd/hub/session/2134d3fc-c2ff-4140-a502-26be3573c8bb/element] with body: {"strategy":"id","selector":"android_field_first_number","context":"","multiple":false}
2022-07-04 21:23:51:171 [WD Proxy] Got response with status 200: {"sessionId":"2134d3fc-c2ff-4140-a502-26be3573c8bb","value":{"ELEMENT":"00000000-0000-0046-ffff-ffff00000007","element-6066-11e4-a52e-4f735466cecf":"00000000-0000-0046-ffff-ffff00000007"}}
2022-07-04 21:23:51:172 [W3C (15d81ade)] Responding to client with driver.findElement() result: {"element-6066-11e4-a52e-4f735466cecf":"00000000-0000-0046-ffff-ffff00000007","ELEMENT":"00000000-0000-0046-ffff-ffff00000007"}
2022-07-04 21:23:51:172 [HTTP] <-- POST /session/15d81ade-5300-4af7-98c0-fa9015c1882a/element 200 17 ms - 137
2022-07-04 21:23:51:172 [HTTP] 
2022-07-04 21:23:51:177 [HTTP] --> POST /session/15d81ade-5300-4af7-98c0-fa9015c1882a/element/00000000-0000-0046-ffff-ffff00000007/clear
2022-07-04 21:23:51:177 [HTTP] {}
2022-07-04 21:23:51:177 [W3C (15d81ade)] Calling AppiumDriver.clear() with args: ["00000000-0000-0046-ffff-ffff00000007","15d81ade-5300-4af7-98c0-fa9015c1882a"]
2022-07-04 21:23:51:177 [WD Proxy] Matched '/element/00000000-0000-0046-ffff-ffff00000007/clear' to command name 'clear'
2022-07-04 21:23:51:178 [WD Proxy] Proxying [POST /element/00000000-0000-0046-ffff-ffff00000007/clear] to [POST http://127.0.0.1:8200/wd/hub/session/2134d3fc-c2ff-4140-a502-26be3573c8bb/element/00000000-0000-0046-ffff-ffff00000007/clear] with body: {"elementId":"00000000-0000-0046-ffff-ffff00000007"}
2022-07-04 21:23:51:202 [WD Proxy] Got response with status 200: {"sessionId":"2134d3fc-c2ff-4140-a502-26be3573c8bb","value":null}
2022-07-04 21:23:51:202 [W3C (15d81ade)] Responding to client with driver.clear() result: null
2022-07-04 21:23:51:203 [HTTP] <-- POST /session/15d81ade-5300-4af7-98c0-fa9015c1882a/element/00000000-0000-0046-ffff-ffff00000007/clear 200 26 ms - 14
2022-07-04 21:23:51:203 [HTTP] 
2022-07-04 21:23:51:205 [HTTP] --> POST /session/15d81ade-5300-4af7-98c0-fa9015c1882a/element/00000000-0000-0046-ffff-ffff00000007/value
2022-07-04 21:23:51:205 [HTTP] {"text":"4"}
2022-07-04 21:23:51:206 [W3C (15d81ade)] Calling AppiumDriver.setValue() with args: ["4","00000000-0000-0046-ffff-ffff00000007","15d81ade-5300-4af7-98c0-fa9015c1882a"]
2022-07-04 21:23:51:206 [WD Proxy] Matched '/element/00000000-0000-0046-ffff-ffff00000007/value' to command name 'setValue'
2022-07-04 21:23:51:206 [Protocol Converter] Added 'value' property ["4"] to 'setValue' request body
2022-07-04 21:23:51:206 [WD Proxy] Proxying [POST /element/00000000-0000-0046-ffff-ffff00000007/value] to [POST http://127.0.0.1:8200/wd/hub/session/2134d3fc-c2ff-4140-a502-26be3573c8bb/element/00000000-0000-0046-ffff-ffff00000007/value] with body: {"elementId":"00000000-0000-0046-ffff-ffff00000007","text":"4","replace":false,"value":["4"]}
2022-07-04 21:23:51:754 [WD Proxy] Got response with status 200: {"sessionId":"2134d3fc-c2ff-4140-a502-26be3573c8bb","value":null}
2022-07-04 21:23:51:754 [W3C (15d81ade)] Responding to client with driver.setValue() result: null
2022-07-04 21:23:51:755 [HTTP] <-- POST /session/15d81ade-5300-4af7-98c0-fa9015c1882a/element/00000000-0000-0046-ffff-ffff00000007/value 200 549 ms - 14
2022-07-04 21:23:51:755 [HTTP] 
2022-07-04 21:23:51:757 [HTTP] --> POST /session/15d81ade-5300-4af7-98c0-fa9015c1882a/element
2022-07-04 21:23:51:757 [HTTP] {"using":"id","value":"android_field_second_number"}
2022-07-04 21:23:51:757 [W3C (15d81ade)] Calling AppiumDriver.findElement() with args: ["id","android_field_second_number","15d81ade-5300-4af7-98c0-fa9015c1882a"]
2022-07-04 21:23:51:757 [BaseDriver] Valid locator strategies for this request: xpath, id, class name, accessibility id, css selector, -android uiautomator
2022-07-04 21:23:51:758 [BaseDriver] Waiting up to 0 ms for condition
2022-07-04 21:23:51:758 [WD Proxy] Matched '/element' to command name 'findElement'
2022-07-04 21:23:51:758 [WD Proxy] Proxying [POST /element] to [POST http://127.0.0.1:8200/wd/hub/session/2134d3fc-c2ff-4140-a502-26be3573c8bb/element] with body: {"strategy":"id","selector":"android_field_second_number","context":"","multiple":false}
2022-07-04 21:23:52:276 [WD Proxy] Got response with status 200: {"sessionId":"2134d3fc-c2ff-4140-a502-26be3573c8bb","value":{"ELEMENT":"00000000-0000-0046-ffff-ffff00000008","element-6066-11e4-a52e-4f735466cecf":"00000000-0000-0046-ffff-ffff00000008"}}
2022-07-04 21:23:52:276 [W3C (15d81ade)] Responding to client with driver.findElement() result: {"element-6066-11e4-a52e-4f735466cecf":"00000000-0000-0046-ffff-ffff00000008","ELEMENT":"00000000-0000-0046-ffff-ffff00000008"}
2022-07-04 21:23:52:277 [HTTP] <-- POST /session/15d81ade-5300-4af7-98c0-fa9015c1882a/element 200 520 ms - 137
2022-07-04 21:23:52:277 [HTTP] 
2022-07-04 21:23:52:281 [HTTP] --> POST /session/15d81ade-5300-4af7-98c0-fa9015c1882a/element/00000000-0000-0046-ffff-ffff00000008/clear
2022-07-04 21:23:52:281 [HTTP] {}
2022-07-04 21:23:52:281 [W3C (15d81ade)] Calling AppiumDriver.clear() with args: ["00000000-0000-0046-ffff-ffff00000008","15d81ade-5300-4af7-98c0-fa9015c1882a"]
2022-07-04 21:23:52:282 [WD Proxy] Matched '/element/00000000-0000-0046-ffff-ffff00000008/clear' to command name 'clear'
2022-07-04 21:23:52:282 [WD Proxy] Proxying [POST /element/00000000-0000-0046-ffff-ffff00000008/clear] to [POST http://127.0.0.1:8200/wd/hub/session/2134d3fc-c2ff-4140-a502-26be3573c8bb/element/00000000-0000-0046-ffff-ffff00000008/clear] with body: {"elementId":"00000000-0000-0046-ffff-ffff00000008"}
2022-07-04 21:23:52:297 [WD Proxy] Got response with status 200: {"sessionId":"2134d3fc-c2ff-4140-a502-26be3573c8bb","value":null}
2022-07-04 21:23:52:297 [W3C (15d81ade)] Responding to client with driver.clear() result: null
2022-07-04 21:23:52:298 [HTTP] <-- POST /session/15d81ade-5300-4af7-98c0-fa9015c1882a/element/00000000-0000-0046-ffff-ffff00000008/clear 200 16 ms - 14
2022-07-04 21:23:52:298 [HTTP] 
2022-07-04 21:23:52:299 [HTTP] --> POST /session/15d81ade-5300-4af7-98c0-fa9015c1882a/element/00000000-0000-0046-ffff-ffff00000008/value
2022-07-04 21:23:52:300 [HTTP] {"text":"2"}
2022-07-04 21:23:52:300 [W3C (15d81ade)] Calling AppiumDriver.setValue() with args: ["2","00000000-0000-0046-ffff-ffff00000008","15d81ade-5300-4af7-98c0-fa9015c1882a"]
2022-07-04 21:23:52:301 [WD Proxy] Matched '/element/00000000-0000-0046-ffff-ffff00000008/value' to command name 'setValue'
2022-07-04 21:23:52:301 [Protocol Converter] Added 'value' property ["2"] to 'setValue' request body
2022-07-04 21:23:52:301 [WD Proxy] Proxying [POST /element/00000000-0000-0046-ffff-ffff00000008/value] to [POST http://127.0.0.1:8200/wd/hub/session/2134d3fc-c2ff-4140-a502-26be3573c8bb/element/00000000-0000-0046-ffff-ffff00000008/value] with body: {"elementId":"00000000-0000-0046-ffff-ffff00000008","text":"2","replace":false,"value":["2"]}
2022-07-04 21:23:53:522 [WD Proxy] Got response with status 200: {"sessionId":"2134d3fc-c2ff-4140-a502-26be3573c8bb","value":null}
2022-07-04 21:23:53:523 [W3C (15d81ade)] Responding to client with driver.setValue() result: null
2022-07-04 21:23:53:523 [HTTP] <-- POST /session/15d81ade-5300-4af7-98c0-fa9015c1882a/element/00000000-0000-0046-ffff-ffff00000008/value 200 1224 ms - 14
2022-07-04 21:23:53:523 [HTTP] 
2022-07-04 21:23:53:526 [HTTP] --> POST /session/15d81ade-5300-4af7-98c0-fa9015c1882a/element
2022-07-04 21:23:53:526 [HTTP] {"using":"id","value":"android_button_div"}
2022-07-04 21:23:53:526 [W3C (15d81ade)] Calling AppiumDriver.findElement() with args: ["id","android_button_div","15d81ade-5300-4af7-98c0-fa9015c1882a"]
2022-07-04 21:23:53:526 [BaseDriver] Valid locator strategies for this request: xpath, id, class name, accessibility id, css selector, -android uiautomator
2022-07-04 21:23:53:526 [BaseDriver] Waiting up to 0 ms for condition
2022-07-04 21:23:53:526 [WD Proxy] Matched '/element' to command name 'findElement'
2022-07-04 21:23:53:527 [WD Proxy] Proxying [POST /element] to [POST http://127.0.0.1:8200/wd/hub/session/2134d3fc-c2ff-4140-a502-26be3573c8bb/element] with body: {"strategy":"id","selector":"android_button_div","context":"","multiple":false}
2022-07-04 21:23:53:562 [WD Proxy] Got response with status 200: {"sessionId":"2134d3fc-c2ff-4140-a502-26be3573c8bb","value":{"ELEMENT":"00000000-0000-0046-ffff-ffff0000000c","element-6066-11e4-a52e-4f735466cecf":"00000000-0000-0046-ffff-ffff0000000c"}}
2022-07-04 21:23:53:563 [W3C (15d81ade)] Responding to client with driver.findElement() result: {"element-6066-11e4-a52e-4f735466cecf":"00000000-0000-0046-ffff-ffff0000000c","ELEMENT":"00000000-0000-0046-ffff-ffff0000000c"}
2022-07-04 21:23:53:563 [HTTP] <-- POST /session/15d81ade-5300-4af7-98c0-fa9015c1882a/element 200 37 ms - 137
2022-07-04 21:23:53:563 [HTTP] 
2022-07-04 21:23:53:568 [HTTP] --> POST /session/15d81ade-5300-4af7-98c0-fa9015c1882a/element/00000000-0000-0046-ffff-ffff0000000c/click
2022-07-04 21:23:53:568 [HTTP] {}
2022-07-04 21:23:53:568 [W3C (15d81ade)] Calling AppiumDriver.click() with args: ["00000000-0000-0046-ffff-ffff0000000c","15d81ade-5300-4af7-98c0-fa9015c1882a"]
2022-07-04 21:23:53:568 [WD Proxy] Matched '/element/00000000-0000-0046-ffff-ffff0000000c/click' to command name 'click'
2022-07-04 21:23:53:568 [WD Proxy] Proxying [POST /element/00000000-0000-0046-ffff-ffff0000000c/click] to [POST http://127.0.0.1:8200/wd/hub/session/2134d3fc-c2ff-4140-a502-26be3573c8bb/element/00000000-0000-0046-ffff-ffff0000000c/click] with body: {"element":"00000000-0000-0046-ffff-ffff0000000c"}
2022-07-04 21:23:54:067 [WD Proxy] Got response with status 200: {"sessionId":"2134d3fc-c2ff-4140-a502-26be3573c8bb","value":null}
2022-07-04 21:23:54:067 [W3C (15d81ade)] Responding to client with driver.click() result: null
2022-07-04 21:23:54:067 [HTTP] <-- POST /session/15d81ade-5300-4af7-98c0-fa9015c1882a/element/00000000-0000-0046-ffff-ffff0000000c/click 200 500 ms - 14
2022-07-04 21:23:54:067 [HTTP] 
2022-07-04 21:23:54:070 [HTTP] --> POST /session/15d81ade-5300-4af7-98c0-fa9015c1882a/element
2022-07-04 21:23:54:070 [HTTP] {"using":"id","value":"android_result_text"}
2022-07-04 21:23:54:071 [W3C (15d81ade)] Calling AppiumDriver.findElement() with args: ["id","android_result_text","15d81ade-5300-4af7-98c0-fa9015c1882a"]
2022-07-04 21:23:54:071 [BaseDriver] Valid locator strategies for this request: xpath, id, class name, accessibility id, css selector, -android uiautomator
2022-07-04 21:23:54:071 [BaseDriver] Waiting up to 0 ms for condition
2022-07-04 21:23:54:071 [WD Proxy] Matched '/element' to command name 'findElement'
2022-07-04 21:23:54:071 [WD Proxy] Proxying [POST /element] to [POST http://127.0.0.1:8200/wd/hub/session/2134d3fc-c2ff-4140-a502-26be3573c8bb/element] with body: {"strategy":"id","selector":"android_result_text","context":"","multiple":false}
2022-07-04 21:23:54:569 [WD Proxy] Got response with status 200: {"sessionId":"2134d3fc-c2ff-4140-a502-26be3573c8bb","value":{"ELEMENT":"00000000-0000-0046-ffff-ffff00000006","element-6066-11e4-a52e-4f735466cecf":"00000000-0000-0046-ffff-ffff00000006"}}
2022-07-04 21:23:54:569 [W3C (15d81ade)] Responding to client with driver.findElement() result: {"element-6066-11e4-a52e-4f735466cecf":"00000000-0000-0046-ffff-ffff00000006","ELEMENT":"00000000-0000-0046-ffff-ffff00000006"}
2022-07-04 21:23:54:570 [HTTP] <-- POST /session/15d81ade-5300-4af7-98c0-fa9015c1882a/element 200 499 ms - 137
2022-07-04 21:23:54:570 [HTTP] 
2022-07-04 21:23:54:574 [HTTP] --> GET /session/15d81ade-5300-4af7-98c0-fa9015c1882a/element/00000000-0000-0046-ffff-ffff00000006/text
2022-07-04 21:23:54:574 [HTTP] {}
2022-07-04 21:23:54:574 [W3C (15d81ade)] Driver proxy active, passing request on via HTTP proxy
2022-07-04 21:23:54:574 [WD Proxy] Matched '/session/15d81ade-5300-4af7-98c0-fa9015c1882a/element/00000000-0000-0046-ffff-ffff00000006/text' to command name 'getText'
2022-07-04 21:23:54:575 [WD Proxy] Proxying [GET /session/15d81ade-5300-4af7-98c0-fa9015c1882a/element/00000000-0000-0046-ffff-ffff00000006/text] to [GET http://127.0.0.1:8200/wd/hub/session/2134d3fc-c2ff-4140-a502-26be3573c8bb/element/00000000-0000-0046-ffff-ffff00000006/text] with no body
2022-07-04 21:23:54:587 [WD Proxy] Got response with status 200: {"sessionId":"2134d3fc-c2ff-4140-a502-26be3573c8bb","value":"2"}
2022-07-04 21:23:54:587 [WD Proxy] Replacing sessionId 2134d3fc-c2ff-4140-a502-26be3573c8bb with 15d81ade-5300-4af7-98c0-fa9015c1882a
2022-07-04 21:23:54:587 [HTTP] <-- GET /session/15d81ade-5300-4af7-98c0-fa9015c1882a/element/00000000-0000-0046-ffff-ffff00000006/text 200 14 ms - 64
2022-07-04 21:23:54:587 [HTTP] 
2022-07-04 21:23:54:599 [HTTP] --> DELETE /session/15d81ade-5300-4af7-98c0-fa9015c1882a
2022-07-04 21:23:54:599 [HTTP] {}
2022-07-04 21:23:54:599 [W3C (15d81ade)] Calling AppiumDriver.deleteSession() with args: ["15d81ade-5300-4af7-98c0-fa9015c1882a"]
2022-07-04 21:23:54:599 [BaseDriver] Event 'quitSessionRequested' logged at 1656969834599 (18:23:54 GMT-0300 (Horário Padrão de Brasília))
2022-07-04 21:23:54:599 [Appium] Removing session 15d81ade-5300-4af7-98c0-fa9015c1882a from our master session list
2022-07-04 21:23:54:600 [UiAutomator2] Deleting UiAutomator2 session
2022-07-04 21:23:54:601 [UiAutomator2] Deleting UiAutomator2 server session
2022-07-04 21:23:54:601 [WD Proxy] Matched '/' to command name 'deleteSession'
2022-07-04 21:23:54:601 [WD Proxy] Proxying [DELETE /] to [DELETE http://127.0.0.1:8200/wd/hub/session/2134d3fc-c2ff-4140-a502-26be3573c8bb] with no body
2022-07-04 21:23:54:612 [WD Proxy] Got response with status 200: {"sessionId":"2134d3fc-c2ff-4140-a502-26be3573c8bb","value":null}
2022-07-04 21:23:54:612 [ADB] Running '/Users/maximilianoalves/Library/Android/sdk/platform-tools/adb -P 5037 -s emulator-5554 shell am force-stop com.example.leonardomenezes.simplecalculatorandroid'
2022-07-04 21:23:54:729 [Logcat] Stopping logcat capture
2022-07-04 21:23:54:732 [ADB] Removing forwarded port socket connection: 8200 
2022-07-04 21:23:54:732 [ADB] Running '/Users/maximilianoalves/Library/Android/sdk/platform-tools/adb -P 5037 -s emulator-5554 forward --remove tcp:8200'
2022-07-04 21:23:54:749 [UiAutomator2] Restoring hidden api policy to the device default configuration
2022-07-04 21:23:54:749 [ADB] Running '/Users/maximilianoalves/Library/Android/sdk/platform-tools/adb -P 5037 -s emulator-5554 shell 'settings delete global hidden_api_policy_pre_p_apps;settings delete global hidden_api_policy_p_apps;settings delete global hidden_api_policy''
2022-07-04 21:23:54:797 [Instrumentation] .
2022-07-04 21:23:54:845 [Instrumentation] Time: 80.127
2022-07-04 21:23:54:845 [Instrumentation] 
2022-07-04 21:23:54:845 [Instrumentation] OK (1 test)
2022-07-04 21:23:54:908 [BaseDriver] Event 'quitSessionFinished' logged at 1656969834908 (18:23:54 GMT-0300 (Horário Padrão de Brasília))
2022-07-04 21:23:54:908 [W3C (15d81ade)] Received response: null
2022-07-04 21:23:54:909 [W3C (15d81ade)] But deleting session, so not returning
2022-07-04 21:23:54:909 [W3C (15d81ade)] Responding to client with driver.deleteSession() result: null
2022-07-04 21:23:54:910 [HTTP] <-- DELETE /session/15d81ade-5300-4af7-98c0-fa9015c1882a 200 311 ms - 14
2022-07-04 21:23:54:910 [HTTP] 
2022-07-04 21:23:54:923 [Instrumentation] The process has exited with code 0
2022-07-04 21:23:57:449 [Appium] Received SIGTERM - shutting down
